[+] Containers:
 |- [+] Container: /Game/ThirdPerson/Maps/ThirdPersonMap
 |   |- [+] ActorDescs:
 |   |   |- Guid:11E6CB294C1B40CCD0A943BE0A54E581 BaseClass:/Game/Chess/Blueprints/BP_whiteSoldier.BP_whiteSoldier_C NativeClass:/Script/Chess.whiteSoldier Name:BP_whiteSoldier_C_UAID_FC3497DF715F35F501_1742468207 Label:BP_whiteSoldier SpatiallyLoaded:1 Bounds:IsValid=true, Min=(X=1701.490 Y=-173.620 Z=-33.808), Max=(X=1978.510 Y=103.400 Z=391.950) RuntimeGrid:None EditorOnly:0 RuntimeOnly:0 HLODRelevant:0 ListedInSceneOutliner:1 IsMainWorldOnly:0
 |   |   |- Guid:174DF71143EA367D14F3838C26CC06DF BaseClass: NativeClass:/Script/Engine.SkyLight Name:SkyLight_0 Label:SkyLight SpatiallyLoaded:0 Bounds:IsValid=true, Min=(X=0.000 Y=0.000 Z=690.000), Max=(X=0.000 Y=0.000 Z=690.000) RuntimeGrid:None EditorOnly:0 RuntimeOnly:0 HLODRelevant:0 ListedInSceneOutliner:1 IsMainWorldOnly:0 FolderPath:Lighting FolderGuid:08A10B054C95868C663DE39EE4343813
 |   |   |- Guid:3B270FBB42AABEFE1061BD9E6B223C89 BaseClass:/Game/Chess/BP_ChessBoard.BP_ChessBoard_C NativeClass:/Script/Engine.Actor Name:BP_ChessBoard_C_UAID_FC3497DF715F86EA01_1205431847 Label:BP_ChessBoard SpatiallyLoaded:1 Bounds:IsValid=true, Min=(X=-640.840 Y=-1118.756 Z=-140.000), Max=(X=8300.000 Y=7455.854 Z=-5.490) RuntimeGrid:None EditorOnly:0 RuntimeOnly:0 HLODRelevant:0 ListedInSceneOutliner:1 IsMainWorldOnly:0
 |   |   |- Guid:4A44ED264382D8B114623F85907CD896 BaseClass:/Game/Chess/Blueprints/BP_whiteSoldier.BP_whiteSoldier_C NativeClass:/Script/Chess.whiteSoldier Name:BP_whiteSoldier_C_UAID_FC3497DF715F35F501_1779751213 Label:BP_whiteSoldier7 SpatiallyLoaded:1 Bounds:IsValid=true, Min=(X=1761.490 Y=5766.380 Z=-33.808), Max=(X=2038.510 Y=6043.400 Z=391.950) RuntimeGrid:None EditorOnly:0 RuntimeOnly:0 HLODRelevant:0 ListedInSceneOutliner:1 IsMainWorldOnly:0
 |   |   |- Guid:4F7B735A44E12B4B031927A9FC21C460 BaseClass: NativeClass:/Script/Engine.VolumetricCloud Name:VolumetricCloud_1 Label:VolumetricCloud SpatiallyLoaded:0 Bounds:IsValid=true, Min=(X=0.000 Y=0.000 Z=820.000), Max=(X=0.000 Y=0.000 Z=820.000) RuntimeGrid:None EditorOnly:0 RuntimeOnly:0 HLODRelevant:0 ListedInSceneOutliner:1 IsMainWorldOnly:0 FolderPath:Lighting FolderGuid:08A10B054C95868C663DE39EE4343813
 |   |   |- Guid:6073513A44D5AD89C27B4996977C43E1 BaseClass:/Game/Chess/Blueprints/BP_whiteSoldier.BP_whiteSoldier_C NativeClass:/Script/Chess.whiteSoldier Name:BP_whiteSoldier_C_UAID_FC3497DF715F35F501_1761213210 Label:BP_whiteSoldier4 SpatiallyLoaded:1 Bounds:IsValid=true, Min=(X=1731.490 Y=2826.380 Z=-33.808), Max=(X=2008.510 Y=3103.400 Z=391.950) RuntimeGrid:None EditorOnly:0 RuntimeOnly:0 HLODRelevant:0 ListedInSceneOutliner:1 IsMainWorldOnly:0
 |   |   |- Guid:628066294846774B55D1539AE1E028CF BaseClass:/Game/Chess/Blueprints/BP_whiteSoldier.BP_whiteSoldier_C NativeClass:/Script/Chess.whiteSoldier Name:BP_whiteSoldier_C_UAID_FC3497DF715F35F501_1783676214 Label:BP_whiteSoldier8 SpatiallyLoaded:1 Bounds:IsValid=true, Min=(X=1771.490 Y=6736.380 Z=-33.808), Max=(X=2048.510 Y=7013.400 Z=391.950) RuntimeGrid:None EditorOnly:0 RuntimeOnly:0 HLODRelevant:0 ListedInSceneOutliner:1 IsMainWorldOnly:0
 |   |   |- Guid:7704A9DC4EDCD51BD401CA89559140F5 BaseClass:/Game/Chess/Blueprints/BP_whiteSoldier.BP_whiteSoldier_C NativeClass:/Script/Chess.whiteSoldier Name:BP_whiteSoldier_C_UAID_FC3497DF715F35F501_1765413211 Label:BP_whiteSoldier5 SpatiallyLoaded:1 Bounds:IsValid=true, Min=(X=1691.490 Y=3796.380 Z=-33.808), Max=(X=1968.510 Y=4073.400 Z=391.950) RuntimeGrid:None EditorOnly:0 RuntimeOnly:0 HLODRelevant:0 ListedInSceneOutliner:1 IsMainWorldOnly:0
 |   |   |- Guid:788903924598EC8109F9709A8AB41C0D BaseClass: NativeClass:/Script/Engine.WorldDataLayers Name:WorldDataLayers Label:WorldDataLayers-1 SpatiallyLoaded:0 Bounds:IsValid=true, Min=(X=0.000 Y=0.000 Z=0.000), Max=(X=0.000 Y=0.000 Z=0.000) RuntimeGrid:None EditorOnly:0 RuntimeOnly:0 HLODRelevant:0 ListedInSceneOutliner:1 IsMainWorldOnly:1
 |   |   |- Guid:8C1340584018FA18B3293799796C7693 BaseClass:/Game/Chess/Blueprints/BP_WhiteKing.BP_WhiteKing_C NativeClass:/Script/Chess.WhiteKing Name:BP_WhiteKing_C_UAID_FC3497DF715FE2EA01_1235590039 Label:BP_WhiteKing SpatiallyLoaded:1 Bounds:IsValid=true, Min=(X=539.013 Y=3757.319 Z=-36.235), Max=(X=859.349 Y=4077.655 Z=725.188) RuntimeGrid:None EditorOnly:0 RuntimeOnly:0 HLODRelevant:0 ListedInSceneOutliner:1 IsMainWorldOnly:0
 |   |   |- Guid:97F9D1E840FB976525311485B4E0DA45 BaseClass:/Game/Chess/Blueprints/BP_whiteSoldier.BP_whiteSoldier_C NativeClass:/Script/Chess.whiteSoldier Name:BP_whiteSoldier_C_UAID_FC3497DF715F35F501_1768515212 Label:BP_whiteSoldier6 SpatiallyLoaded:1 Bounds:IsValid=true, Min=(X=1751.490 Y=4806.380 Z=-33.808), Max=(X=2028.510 Y=5083.400 Z=391.950) RuntimeGrid:None EditorOnly:0 RuntimeOnly:0 HLODRelevant:0 ListedInSceneOutliner:1 IsMainWorldOnly:0
 |   |   |- Guid:9FFE6665469AE829D82050A8B1F67178 BaseClass: NativeClass:/Script/Engine.DirectionalLight Name:DirectionalLight_1 Label:DirectionalLight SpatiallyLoaded:0 Bounds:IsValid=true, Min=(X=-1048576.000 Y=-1048576.000 Z=-1048576.000), Max=(X=1048576.000 Y=1048576.000 Z=1048576.000) RuntimeGrid:None EditorOnly:0 RuntimeOnly:0 HLODRelevant:0 ListedInSceneOutliner:1 IsMainWorldOnly:0 FolderPath:Lighting FolderGuid:08A10B054C95868C663DE39EE4343813
 |   |   |- Guid:A85A7AD046A0462D176E6889992C1216 BaseClass: NativeClass:/Script/Engine.PostProcessVolume Name:PostProcessVolume_0 Label:PostProcessVolume SpatiallyLoaded:0 Bounds:IsValid=true, Min=(X=0.000 Y=0.000 Z=400.000), Max=(X=200.000 Y=200.000 Z=600.000) RuntimeGrid:None EditorOnly:0 RuntimeOnly:0 HLODRelevant:0 ListedInSceneOutliner:1 IsMainWorldOnly:0 FolderPath:Lighting FolderGuid:08A10B054C95868C663DE39EE4343813
 |   |   |- Guid:B23C247D4E34A96052E563A19E79FA75 BaseClass: NativeClass:/Script/Engine.ExponentialHeightFog Name:ExponentialHeightFog_1 Label:ExponentialHeightFog SpatiallyLoaded:0 Bounds:IsValid=true, Min=(X=-5600.000 Y=-50.000 Z=-6850.000), Max=(X=-5600.000 Y=-50.000 Z=-6850.000) RuntimeGrid:None EditorOnly:0 RuntimeOnly:0 HLODRelevant:0 ListedInSceneOutliner:1 IsMainWorldOnly:0 FolderPath:Lighting FolderGuid:08A10B054C95868C663DE39EE4343813
 |   |   |- Guid:BBECE0E44E8BF140D4F9D689CF8F5431 BaseClass:/Game/Chess/Blueprints/BP_whiteSoldier.BP_whiteSoldier_C NativeClass:/Script/Chess.whiteSoldier Name:BP_whiteSoldier_C_UAID_FC3497DF715F35F501_1758749209 Label:BP_whiteSoldier3 SpatiallyLoaded:1 Bounds:IsValid=true, Min=(X=1721.490 Y=1776.380 Z=-33.808), Max=(X=1998.510 Y=2053.400 Z=391.950) RuntimeGrid:None EditorOnly:0 RuntimeOnly:0 HLODRelevant:0 ListedInSceneOutliner:1 IsMainWorldOnly:0
 |   |   |- Guid:C726A3284B806D4C379405885740B688 BaseClass: NativeClass:/Script/Engine.PlayerStart Name:PlayerStart_0 Label:PlayerStart SpatiallyLoaded:0 Bounds:IsValid=true, Min=(X=720.000 Y=3610.000 Z=0.013), Max=(X=800.000 Y=3690.000 Z=184.013) RuntimeGrid:None EditorOnly:0 RuntimeOnly:0 HLODRelevant:0 ListedInSceneOutliner:1 IsMainWorldOnly:0
 |   |   |- Guid:E7C88B004DFFF4BE08155AB223A0EF2C BaseClass: NativeClass:/Script/Engine.SkyAtmosphere Name:SkyAtmosphere_1 Label:SkyAtmosphere SpatiallyLoaded:0 Bounds:IsValid=true, Min=(X=0.000 Y=0.000 Z=1020.000), Max=(X=0.000 Y=0.000 Z=1020.000) RuntimeGrid:None EditorOnly:0 RuntimeOnly:0 HLODRelevant:0 ListedInSceneOutliner:1 IsMainWorldOnly:0 FolderPath:Lighting FolderGuid:08A10B054C95868C663DE39EE4343813
 |   |   |- Guid:F1C7B74E416094E4038D3BB9CC0AD196 BaseClass:/Game/Chess/Blueprints/BP_whiteSoldier.BP_whiteSoldier_C NativeClass:/Script/Chess.whiteSoldier Name:BP_whiteSoldier_C_UAID_FC3497DF715F35F501_1755329208 Label:BP_whiteSoldier2 SpatiallyLoaded:1 Bounds:IsValid=true, Min=(X=1711.490 Y=756.380 Z=-33.808), Max=(X=1988.510 Y=1033.400 Z=391.950) RuntimeGrid:None EditorOnly:0 RuntimeOnly:0 HLODRelevant:0 ListedInSceneOutliner:1 IsMainWorldOnly:0
 |   |- [+] Clusters:
 |   |   |- [+] [  0]
 |   |   |   |- Guid:11E6CB294C1B40CCD0A943BE0A54E581 BaseClass:/Game/Chess/Blueprints/BP_whiteSoldier.BP_whiteSoldier_C NativeClass:/Script/Chess.whiteSoldier Name:BP_whiteSoldier_C_UAID_FC3497DF715F35F501_1742468207 Label:BP_whiteSoldier SpatiallyLoaded:1 Bounds:IsValid=true, Min=(X=1701.490 Y=-173.620 Z=-33.808), Max=(X=1978.510 Y=103.400 Z=391.950) RuntimeGrid:None EditorOnly:0 RuntimeOnly:0 HLODRelevant:0 ListedInSceneOutliner:1 IsMainWorldOnly:0
 |   |   |- [+] [  1]
 |   |   |   |- Guid:174DF71143EA367D14F3838C26CC06DF BaseClass: NativeClass:/Script/Engine.SkyLight Name:SkyLight_0 Label:SkyLight SpatiallyLoaded:0 Bounds:IsValid=true, Min=(X=0.000 Y=0.000 Z=690.000), Max=(X=0.000 Y=0.000 Z=690.000) RuntimeGrid:None EditorOnly:0 RuntimeOnly:0 HLODRelevant:0 ListedInSceneOutliner:1 IsMainWorldOnly:0 FolderPath:Lighting FolderGuid:08A10B054C95868C663DE39EE4343813
 |   |   |- [+] [  2]
 |   |   |   |- Guid:3B270FBB42AABEFE1061BD9E6B223C89 BaseClass:/Game/Chess/BP_ChessBoard.BP_ChessBoard_C NativeClass:/Script/Engine.Actor Name:BP_ChessBoard_C_UAID_FC3497DF715F86EA01_1205431847 Label:BP_ChessBoard SpatiallyLoaded:1 Bounds:IsValid=true, Min=(X=-640.840 Y=-1118.756 Z=-140.000), Max=(X=8300.000 Y=7455.854 Z=-5.490) RuntimeGrid:None EditorOnly:0 RuntimeOnly:0 HLODRelevant:0 ListedInSceneOutliner:1 IsMainWorldOnly:0
 |   |   |- [+] [  3]
 |   |   |   |- Guid:4A44ED264382D8B114623F85907CD896 BaseClass:/Game/Chess/Blueprints/BP_whiteSoldier.BP_whiteSoldier_C NativeClass:/Script/Chess.whiteSoldier Name:BP_whiteSoldier_C_UAID_FC3497DF715F35F501_1779751213 Label:BP_whiteSoldier7 SpatiallyLoaded:1 Bounds:IsValid=true, Min=(X=1761.490 Y=5766.380 Z=-33.808), Max=(X=2038.510 Y=6043.400 Z=391.950) RuntimeGrid:None EditorOnly:0 RuntimeOnly:0 HLODRelevant:0 ListedInSceneOutliner:1 IsMainWorldOnly:0
 |   |   |- [+] [  4]
 |   |   |   |- Guid:4F7B735A44E12B4B031927A9FC21C460 BaseClass: NativeClass:/Script/Engine.VolumetricCloud Name:VolumetricCloud_1 Label:VolumetricCloud SpatiallyLoaded:0 Bounds:IsValid=true, Min=(X=0.000 Y=0.000 Z=820.000), Max=(X=0.000 Y=0.000 Z=820.000) RuntimeGrid:None EditorOnly:0 RuntimeOnly:0 HLODRelevant:0 ListedInSceneOutliner:1 IsMainWorldOnly:0 FolderPath:Lighting FolderGuid:08A10B054C95868C663DE39EE4343813
 |   |   |- [+] [  5]
 |   |   |   |- Guid:6073513A44D5AD89C27B4996977C43E1 BaseClass:/Game/Chess/Blueprints/BP_whiteSoldier.BP_whiteSoldier_C NativeClass:/Script/Chess.whiteSoldier Name:BP_whiteSoldier_C_UAID_FC3497DF715F35F501_1761213210 Label:BP_whiteSoldier4 SpatiallyLoaded:1 Bounds:IsValid=true, Min=(X=1731.490 Y=2826.380 Z=-33.808), Max=(X=2008.510 Y=3103.400 Z=391.950) RuntimeGrid:None EditorOnly:0 RuntimeOnly:0 HLODRelevant:0 ListedInSceneOutliner:1 IsMainWorldOnly:0
 |   |   |- [+] [  6]
 |   |   |   |- Guid:628066294846774B55D1539AE1E028CF BaseClass:/Game/Chess/Blueprints/BP_whiteSoldier.BP_whiteSoldier_C NativeClass:/Script/Chess.whiteSoldier Name:BP_whiteSoldier_C_UAID_FC3497DF715F35F501_1783676214 Label:BP_whiteSoldier8 SpatiallyLoaded:1 Bounds:IsValid=true, Min=(X=1771.490 Y=6736.380 Z=-33.808), Max=(X=2048.510 Y=7013.400 Z=391.950) RuntimeGrid:None EditorOnly:0 RuntimeOnly:0 HLODRelevant:0 ListedInSceneOutliner:1 IsMainWorldOnly:0
 |   |   |- [+] [  7]
 |   |   |   |- Guid:7704A9DC4EDCD51BD401CA89559140F5 BaseClass:/Game/Chess/Blueprints/BP_whiteSoldier.BP_whiteSoldier_C NativeClass:/Script/Chess.whiteSoldier Name:BP_whiteSoldier_C_UAID_FC3497DF715F35F501_1765413211 Label:BP_whiteSoldier5 SpatiallyLoaded:1 Bounds:IsValid=true, Min=(X=1691.490 Y=3796.380 Z=-33.808), Max=(X=1968.510 Y=4073.400 Z=391.950) RuntimeGrid:None EditorOnly:0 RuntimeOnly:0 HLODRelevant:0 ListedInSceneOutliner:1 IsMainWorldOnly:0
 |   |   |- [+] [  8]
 |   |   |   |- Guid:788903924598EC8109F9709A8AB41C0D BaseClass: NativeClass:/Script/Engine.WorldDataLayers Name:WorldDataLayers Label:WorldDataLayers-1 SpatiallyLoaded:0 Bounds:IsValid=true, Min=(X=0.000 Y=0.000 Z=0.000), Max=(X=0.000 Y=0.000 Z=0.000) RuntimeGrid:None EditorOnly:0 RuntimeOnly:0 HLODRelevant:0 ListedInSceneOutliner:1 IsMainWorldOnly:1
 |   |   |- [+] [  9]
 |   |   |   |- Guid:8C1340584018FA18B3293799796C7693 BaseClass:/Game/Chess/Blueprints/BP_WhiteKing.BP_WhiteKing_C NativeClass:/Script/Chess.WhiteKing Name:BP_WhiteKing_C_UAID_FC3497DF715FE2EA01_1235590039 Label:BP_WhiteKing SpatiallyLoaded:1 Bounds:IsValid=true, Min=(X=539.013 Y=3757.319 Z=-36.235), Max=(X=859.349 Y=4077.655 Z=725.188) RuntimeGrid:None EditorOnly:0 RuntimeOnly:0 HLODRelevant:0 ListedInSceneOutliner:1 IsMainWorldOnly:0
 |   |   |- [+] [ 10]
 |   |   |   |- Guid:97F9D1E840FB976525311485B4E0DA45 BaseClass:/Game/Chess/Blueprints/BP_whiteSoldier.BP_whiteSoldier_C NativeClass:/Script/Chess.whiteSoldier Name:BP_whiteSoldier_C_UAID_FC3497DF715F35F501_1768515212 Label:BP_whiteSoldier6 SpatiallyLoaded:1 Bounds:IsValid=true, Min=(X=1751.490 Y=4806.380 Z=-33.808), Max=(X=2028.510 Y=5083.400 Z=391.950) RuntimeGrid:None EditorOnly:0 RuntimeOnly:0 HLODRelevant:0 ListedInSceneOutliner:1 IsMainWorldOnly:0
 |   |   |- [+] [ 11]
 |   |   |   |- Guid:9FFE6665469AE829D82050A8B1F67178 BaseClass: NativeClass:/Script/Engine.DirectionalLight Name:DirectionalLight_1 Label:DirectionalLight SpatiallyLoaded:0 Bounds:IsValid=true, Min=(X=-1048576.000 Y=-1048576.000 Z=-1048576.000), Max=(X=1048576.000 Y=1048576.000 Z=1048576.000) RuntimeGrid:None EditorOnly:0 RuntimeOnly:0 HLODRelevant:0 ListedInSceneOutliner:1 IsMainWorldOnly:0 FolderPath:Lighting FolderGuid:08A10B054C95868C663DE39EE4343813
 |   |   |- [+] [ 12]
 |   |   |   |- Guid:A85A7AD046A0462D176E6889992C1216 BaseClass: NativeClass:/Script/Engine.PostProcessVolume Name:PostProcessVolume_0 Label:PostProcessVolume SpatiallyLoaded:0 Bounds:IsValid=true, Min=(X=0.000 Y=0.000 Z=400.000), Max=(X=200.000 Y=200.000 Z=600.000) RuntimeGrid:None EditorOnly:0 RuntimeOnly:0 HLODRelevant:0 ListedInSceneOutliner:1 IsMainWorldOnly:0 FolderPath:Lighting FolderGuid:08A10B054C95868C663DE39EE4343813
 |   |   |- [+] [ 13]
 |   |   |   |- Guid:B23C247D4E34A96052E563A19E79FA75 BaseClass: NativeClass:/Script/Engine.ExponentialHeightFog Name:ExponentialHeightFog_1 Label:ExponentialHeightFog SpatiallyLoaded:0 Bounds:IsValid=true, Min=(X=-5600.000 Y=-50.000 Z=-6850.000), Max=(X=-5600.000 Y=-50.000 Z=-6850.000) RuntimeGrid:None EditorOnly:0 RuntimeOnly:0 HLODRelevant:0 ListedInSceneOutliner:1 IsMainWorldOnly:0 FolderPath:Lighting FolderGuid:08A10B054C95868C663DE39EE4343813
 |   |   |- [+] [ 14]
 |   |   |   |- Guid:BBECE0E44E8BF140D4F9D689CF8F5431 BaseClass:/Game/Chess/Blueprints/BP_whiteSoldier.BP_whiteSoldier_C NativeClass:/Script/Chess.whiteSoldier Name:BP_whiteSoldier_C_UAID_FC3497DF715F35F501_1758749209 Label:BP_whiteSoldier3 SpatiallyLoaded:1 Bounds:IsValid=true, Min=(X=1721.490 Y=1776.380 Z=-33.808), Max=(X=1998.510 Y=2053.400 Z=391.950) RuntimeGrid:None EditorOnly:0 RuntimeOnly:0 HLODRelevant:0 ListedInSceneOutliner:1 IsMainWorldOnly:0
 |   |   |- [+] [ 15]
 |   |   |   |- Guid:C726A3284B806D4C379405885740B688 BaseClass: NativeClass:/Script/Engine.PlayerStart Name:PlayerStart_0 Label:PlayerStart SpatiallyLoaded:0 Bounds:IsValid=true, Min=(X=720.000 Y=3610.000 Z=0.013), Max=(X=800.000 Y=3690.000 Z=184.013) RuntimeGrid:None EditorOnly:0 RuntimeOnly:0 HLODRelevant:0 ListedInSceneOutliner:1 IsMainWorldOnly:0
 |   |   |- [+] [ 16]
 |   |   |   |- Guid:E7C88B004DFFF4BE08155AB223A0EF2C BaseClass: NativeClass:/Script/Engine.SkyAtmosphere Name:SkyAtmosphere_1 Label:SkyAtmosphere SpatiallyLoaded:0 Bounds:IsValid=true, Min=(X=0.000 Y=0.000 Z=1020.000), Max=(X=0.000 Y=0.000 Z=1020.000) RuntimeGrid:None EditorOnly:0 RuntimeOnly:0 HLODRelevant:0 ListedInSceneOutliner:1 IsMainWorldOnly:0 FolderPath:Lighting FolderGuid:08A10B054C95868C663DE39EE4343813
 |   |   |- [+] [ 17]
 |   |   |   |- Guid:F1C7B74E416094E4038D3BB9CC0AD196 BaseClass:/Game/Chess/Blueprints/BP_whiteSoldier.BP_whiteSoldier_C NativeClass:/Script/Chess.whiteSoldier Name:BP_whiteSoldier_C_UAID_FC3497DF715F35F501_1755329208 Label:BP_whiteSoldier2 SpatiallyLoaded:1 Bounds:IsValid=true, Min=(X=1711.490 Y=756.380 Z=-33.808), Max=(X=1988.510 Y=1033.400 Z=391.950) RuntimeGrid:None EditorOnly:0 RuntimeOnly:0 HLODRelevant:0 ListedInSceneOutliner:1 IsMainWorldOnly:0
 |- ContainerInstances:
 |- [+] MainContainer:
 |   |-        ID: 00000000000000000000000000000000
 |   |-  ParentID: 00000000000000000000000000000000
 |   |-    Bounds: IsValid=false, Min=(X=0.000 Y=0.000 Z=0.000), Max=(X=0.000 Y=0.000 Z=0.000)
 |   |- Transform: 0.000000,0.000000,0.000000|0.000000,0.000000,-0.000000|1.000000,1.000000,1.000000
 |   |- Container: /Game/ThirdPerson/Maps/ThirdPersonMap
----------------------------------------------------------------------------------------------------------------
ThirdPersonMap - Persistent Level
----------------------------------------------------------------------------------------------------------------
[+] Content of ThirdPersonMap Persistent Level
 |- Always loaded Actor Count: 25 
 |- Actor Path: /Game/ThirdPerson/Maps/ThirdPersonMap.ThirdPersonMap:PersistentLevel.AbstractNavData-Default
 |- Actor Package: /Game/ThirdPerson/Maps/ThirdPersonMap
 |- Actor Path: /Game/ThirdPerson/Maps/ThirdPersonMap.ThirdPersonMap:PersistentLevel.BP_ChessBoard_C_UAID_FC3497DF715F86EA01_1205431847
 |- Actor Package: /Game/__ExternalActors__/ThirdPerson/Maps/ThirdPersonMap/F/4W/AZWAL21L2BNAJO7F9Z9Y4Q
 |- Actor Path: /Game/ThirdPerson/Maps/ThirdPersonMap.ThirdPersonMap:PersistentLevel.BP_WhiteKing_C_UAID_FC3497DF715FE2EA01_1235590039
 |- Actor Package: /Game/__ExternalActors__/ThirdPerson/Maps/ThirdPersonMap/1/XK/USFFXZPNAOE20KH94SRPKM
 |- Actor Path: /Game/ThirdPerson/Maps/ThirdPersonMap.ThirdPersonMap:PersistentLevel.BP_whiteSoldier_C_UAID_FC3497DF715F35F501_1742468207
 |- Actor Package: /Game/__ExternalActors__/ThirdPerson/Maps/ThirdPersonMap/A/N1/HG1WBETNJ4SU86JP4WOQGN
 |- Actor Path: /Game/ThirdPerson/Maps/ThirdPersonMap.ThirdPersonMap:PersistentLevel.BP_whiteSoldier_C_UAID_FC3497DF715F35F501_1755329208
 |- Actor Package: /Game/__ExternalActors__/ThirdPerson/Maps/ThirdPersonMap/0/5D/9DXAZA0DOKJE452A37VQM2
 |- Actor Path: /Game/ThirdPerson/Maps/ThirdPersonMap.ThirdPersonMap:PersistentLevel.BP_whiteSoldier_C_UAID_FC3497DF715F35F501_1758749209
 |- Actor Package: /Game/__ExternalActors__/ThirdPerson/Maps/ThirdPersonMap/1/VA/LS1GRPZ3A96PKZ0MFCUNM9
 |- Actor Path: /Game/ThirdPerson/Maps/ThirdPersonMap.ThirdPersonMap:PersistentLevel.BP_whiteSoldier_C_UAID_FC3497DF715F35F501_1761213210
 |- Actor Package: /Game/__ExternalActors__/ThirdPerson/Maps/ThirdPersonMap/9/MD/YGFLJVV68HU0ECCE4Q0EP2
 |- Actor Path: /Game/ThirdPerson/Maps/ThirdPersonMap.ThirdPersonMap:PersistentLevel.BP_whiteSoldier_C_UAID_FC3497DF715F35F501_1765413211
 |- Actor Package: /Game/__ExternalActors__/ThirdPerson/Maps/ThirdPersonMap/3/CH/HHKY6QIGO92A46LBLEQQ0F
 |- Actor Path: /Game/ThirdPerson/Maps/ThirdPersonMap.ThirdPersonMap:PersistentLevel.BP_whiteSoldier_C_UAID_FC3497DF715F35F501_1768515212
 |- Actor Package: /Game/__ExternalActors__/ThirdPerson/Maps/ThirdPersonMap/8/7Q/EQAQC4HJRVARQFQ9LZJZGX
 |- Actor Path: /Game/ThirdPerson/Maps/ThirdPersonMap.ThirdPersonMap:PersistentLevel.BP_whiteSoldier_C_UAID_FC3497DF715F35F501_1779751213
 |- Actor Package: /Game/__ExternalActors__/ThirdPerson/Maps/ThirdPersonMap/E/QQ/I6XX5UBT9UU6AC41QKUFX5
 |- Actor Path: /Game/ThirdPerson/Maps/ThirdPersonMap.ThirdPersonMap:PersistentLevel.BP_whiteSoldier_C_UAID_FC3497DF715F35F501_1783676214
 |- Actor Package: /Game/__ExternalActors__/ThirdPerson/Maps/ThirdPersonMap/4/QZ/KMCMJC6N60PLHWHFSP4NLL
 |- Actor Path: /Game/ThirdPerson/Maps/ThirdPersonMap.ThirdPersonMap:PersistentLevel.Brush_0
 |- Actor Package: /Game/ThirdPerson/Maps/ThirdPersonMap
 |- Actor Path: /Game/ThirdPerson/Maps/ThirdPersonMap.ThirdPersonMap:PersistentLevel.DefaultPhysicsVolume_0
 |- Actor Package: /Game/ThirdPerson/Maps/ThirdPersonMap
 |- Actor Path: /Game/ThirdPerson/Maps/ThirdPersonMap.ThirdPersonMap:PersistentLevel.DirectionalLight_1
 |- Actor Package: /Game/__ExternalActors__/ThirdPerson/Maps/ThirdPersonMap/1/EJ/PGUWWHRTS59S34GKBX0OUI
 |- Actor Path: /Game/ThirdPerson/Maps/ThirdPersonMap.ThirdPersonMap:PersistentLevel.ExponentialHeightFog_1
 |- Actor Package: /Game/__ExternalActors__/ThirdPerson/Maps/ThirdPersonMap/B/KW/9YH18EUCJFK5CZXL6H3W3R
 |- Actor Path: /Game/ThirdPerson/Maps/ThirdPersonMap.ThirdPersonMap:PersistentLevel.GameplayDebuggerPlayerManager_0
 |- Actor Package: /Game/ThirdPerson/Maps/ThirdPersonMap
 |- Actor Path: /Game/ThirdPerson/Maps/ThirdPersonMap.ThirdPersonMap:PersistentLevel.PlayerStart_0
 |- Actor Package: /Game/__ExternalActors__/ThirdPerson/Maps/ThirdPersonMap/D/DE/SWSI13675DVYIZ0N4NF7Y3
 |- Actor Path: /Game/ThirdPerson/Maps/ThirdPersonMap.ThirdPersonMap:PersistentLevel.PostProcessVolume_0
 |- Actor Package: /Game/__ExternalActors__/ThirdPerson/Maps/ThirdPersonMap/1/AZ/A7GPT109Y6ZTTJD4A7TXER
 |- Actor Path: /Game/ThirdPerson/Maps/ThirdPersonMap.ThirdPersonMap:PersistentLevel.SkyAtmosphere_1
 |- Actor Package: /Game/__ExternalActors__/ThirdPerson/Maps/ThirdPersonMap/8/H9/GITN2HJQNERMM41FAE68W0
 |- Actor Path: /Game/ThirdPerson/Maps/ThirdPersonMap.ThirdPersonMap:PersistentLevel.SkyLight_0
 |- Actor Package: /Game/__ExternalActors__/ThirdPerson/Maps/ThirdPersonMap/6/NP/Z9EK2TXQ1TFO26WFZHWZII
 |- Actor Path: /Game/ThirdPerson/Maps/ThirdPersonMap.ThirdPersonMap:PersistentLevel.ThirdPersonExampleMap_C_0
 |- Actor Package: /Game/ThirdPerson/Maps/ThirdPersonMap
 |- Actor Path: /Game/ThirdPerson/Maps/ThirdPersonMap.ThirdPersonMap:PersistentLevel.VolumetricCloud_1
 |- Actor Package: /Game/__ExternalActors__/ThirdPerson/Maps/ThirdPersonMap/2/66/0OP5U85W4H0R7CHG999ZDN
 |- Actor Path: /Game/ThirdPerson/Maps/ThirdPersonMap.ThirdPersonMap:PersistentLevel.WorldDataLayers
 |- Actor Package: /Game/__ExternalActors__/ThirdPerson/Maps/ThirdPersonMap/0/43/HYQWORMY4JDQ5X3OKZXFLC
 |- Actor Path: /Game/ThirdPerson/Maps/ThirdPersonMap.ThirdPersonMap:PersistentLevel.WorldInfo_0
 |- Actor Package: /Game/ThirdPerson/Maps/ThirdPersonMap
 |- Actor Path: /Game/ThirdPerson/Maps/ThirdPersonMap.ThirdPersonMap:PersistentLevel.WorldPartitionMiniMap_0
 |- Actor Package: /Game/__ExternalActors__/ThirdPerson/Maps/ThirdPersonMap/E/FR/LBG6LPN5JCL3FMVSI2CK6R

----------------------------------------------------------------------------------------------------------------
ThirdPersonMap - Runtime Spatial Hash - Streaming Grid - MainGrid
----------------------------------------------------------------------------------------------------------------
            Origin: X=0.000 Y=0.000 Z=0.000
         Cell Size: 12800
      World Bounds: IsValid=false, Min=(X=0.000 Y=0.000 Z=0.000), Max=(X=0.000 Y=0.000 Z=0.000)
     Loading Range: 25600.00
Block Slow Loading: No
 ClientOnlyVisible: No
            Origin: X=0.000 Y=0.000 Z=0.000

[+] Grid Levels: 1
 |- Level  0: Cell Count    0 | Cell Size   12800 | Actor Count    0 (0.0%)

[+] Content of Grid Level 0

