[+] Containers:
 |- [+] Container: /Game/ThirdPerson/Maps/ThirdPersonMap
 |   |- [+] ActorDescs:
 |   |   |- Guid:058CDCBC4ADB4DDC19FC13B794F74284 BaseClass:/Game/Chess/Blueprints/BlackFigures/BP_BlackSoldierr.BP_BlackSoldierr_C NativeClass:/Script/Chess.BlackSoldier Name:BP_BlackSoldierr_C_UAID_FC3497DF715F4FFF01_1897924345 Label:BP_BlackSoldierr3 SpatiallyLoaded:1 Bounds:IsValid=true, Min=(X=6665.600 Y=1791.490 Z=-30.000), Max=(X=6942.620 Y=2068.510 Z=395.758) RuntimeGrid:None EditorOnly:0 RuntimeOnly:0 HLODRelevant:0 ListedInSceneOutliner:1 IsMainWorldOnly:0
 |   |   |- Guid:0EE61E7A47FC3CE8502C748246C3269C BaseClass:/Game/Chess/Blueprints/BlackFigures/BP_BlackKnight.BP_BlackKnight_C NativeClass:/Script/Chess.BlackKnight Name:BP_BlackKnight_C_UAID_FC3497DF715F40FF01_1265263704 Label:BP_BlackKnight2 SpatiallyLoaded:1 Bounds:IsValid=true, Min=(X=7654.137 Y=5790.463 Z=-30.000), Max=(X=7953.863 Y=6069.537 Z=467.076) RuntimeGrid:None EditorOnly:0 RuntimeOnly:0 HLODRelevant:0 ListedInSceneOutliner:1 IsMainWorldOnly:0
 |   |   |- Guid:0FBF368D405A06D17B2B83B8BB01803B BaseClass:/Game/Chess/Blueprints/BlackFigures/BP_BlackKnight.BP_BlackKnight_C NativeClass:/Script/Chess.BlackKnight Name:BP_BlackKnight_C_UAID_FC3497DF715F40FF01_1264207703 Label:BP_BlackKnight SpatiallyLoaded:1 Bounds:IsValid=true, Min=(X=7654.137 Y=790.463 Z=-30.000), Max=(X=7953.863 Y=1069.537 Z=467.076) RuntimeGrid:None EditorOnly:0 RuntimeOnly:0 HLODRelevant:0 ListedInSceneOutliner:1 IsMainWorldOnly:0
 |   |   |- Guid:11E6CB294C1B40CCD0A943BE0A54E581 BaseClass:/Game/Chess/Blueprints/WhiteFigures/BP_whiteSoldier.BP_whiteSoldier_C NativeClass:/Script/Chess.whiteSoldier Name:BP_whiteSoldier_C_UAID_FC3497DF715F35F501_1742468207 Label:BP_whiteSoldier SpatiallyLoaded:1 Bounds:IsValid=true, Min=(X=1665.600 Y=-208.510 Z=-30.000), Max=(X=1942.620 Y=68.510 Z=395.758) RuntimeGrid:None EditorOnly:0 RuntimeOnly:0 HLODRelevant:0 ListedInSceneOutliner:1 IsMainWorldOnly:0
 |   |   |- Guid:174DF71143EA367D14F3838C26CC06DF BaseClass: NativeClass:/Script/Engine.SkyLight Name:SkyLight_0 Label:SkyLight SpatiallyLoaded:0 Bounds:IsValid=true, Min=(X=0.000 Y=0.000 Z=690.000), Max=(X=0.000 Y=0.000 Z=690.000) RuntimeGrid:None EditorOnly:0 RuntimeOnly:0 HLODRelevant:0 ListedInSceneOutliner:1 IsMainWorldOnly:0 FolderPath:Lighting FolderGuid:08A10B054C95868C663DE39EE4343813
 |   |   |- Guid:264E0AD847627A74813D82A26C128A51 BaseClass:/Game/Chess/Blueprints/BlackFigures/BP_BlackSoldierr.BP_BlackSoldierr_C NativeClass:/Script/Chess.BlackSoldier Name:BP_BlackSoldierr_C_UAID_FC3497DF715F4FFF01_1890299344 Label:BP_BlackSoldierr2 SpatiallyLoaded:1 Bounds:IsValid=true, Min=(X=6665.600 Y=791.490 Z=-30.000), Max=(X=6942.620 Y=1068.510 Z=395.758) RuntimeGrid:None EditorOnly:0 RuntimeOnly:0 HLODRelevant:0 ListedInSceneOutliner:1 IsMainWorldOnly:0
 |   |   |- Guid:2A6D3DFB4F0C4BA4A359FC99A1A8B949 BaseClass:/Game/Chess/Blueprints/BlackFigures/BP_BlackChief.BP_BlackChief_C NativeClass:/Script/Chess.BlackChief Name:BP_BlackChief_C_UAID_FC3497DF715F41FF01_1645114880 Label:BP_BlackChief2 SpatiallyLoaded:1 Bounds:IsValid=true, Min=(X=7664.420 Y=4790.420 Z=-30.000), Max=(X=7943.580 Y=5069.580 Z=500.537) RuntimeGrid:None EditorOnly:0 RuntimeOnly:0 HLODRelevant:0 ListedInSceneOutliner:1 IsMainWorldOnly:0
 |   |   |- Guid:33E643E54FF6BCED872EA7AAF9FA94D1 BaseClass:/Game/Chess/Blueprints/WhiteFigures/BP_WhiteChief.BP_WhiteChief_C NativeClass:/Script/Chess.WhiteChief Name:BP_WhiteChief_C_UAID_FC3497DF715FDCFA01_1379558880 Label:BP_WhiteChief2 SpatiallyLoaded:1 Bounds:IsValid=true, Min=(X=664.420 Y=4790.420 Z=-30.000), Max=(X=943.580 Y=5069.580 Z=500.537) RuntimeGrid:None EditorOnly:0 RuntimeOnly:0 HLODRelevant:0 ListedInSceneOutliner:1 IsMainWorldOnly:0
 |   |   |- Guid:3B270FBB42AABEFE1061BD9E6B223C89 BaseClass:/Game/Chess/BP_ChessBoard.BP_ChessBoard_C NativeClass:/Script/Engine.Actor Name:BP_ChessBoard_C_UAID_FC3497DF715F86EA01_1205431847 Label:BP_ChessBoard SpatiallyLoaded:1 Bounds:IsValid=true, Min=(X=-640.840 Y=-1178.729 Z=-140.000), Max=(X=9361.681 Y=8009.350 Z=-5.490) RuntimeGrid:None EditorOnly:0 RuntimeOnly:0 HLODRelevant:0 ListedInSceneOutliner:1 IsMainWorldOnly:0
 |   |   |- Guid:4817035A4462CD469FF706A9E56B27DE BaseClass:/Game/Chess/Blueprints/BlackFigures/BP_BlackSoldierr.BP_BlackSoldierr_C NativeClass:/Script/Chess.BlackSoldier Name:BP_BlackSoldierr_C_UAID_FC3497DF715F4FFF01_1908340346 Label:BP_BlackSoldierr4 SpatiallyLoaded:1 Bounds:IsValid=true, Min=(X=6665.600 Y=2791.490 Z=-30.000), Max=(X=6942.620 Y=3068.510 Z=395.758) RuntimeGrid:None EditorOnly:0 RuntimeOnly:0 HLODRelevant:0 ListedInSceneOutliner:1 IsMainWorldOnly:0
 |   |   |- Guid:4A44ED264382D8B114623F85907CD896 BaseClass:/Game/Chess/Blueprints/WhiteFigures/BP_whiteSoldier.BP_whiteSoldier_C NativeClass:/Script/Chess.whiteSoldier Name:BP_whiteSoldier_C_UAID_FC3497DF715F35F501_1779751213 Label:BP_whiteSoldier7 SpatiallyLoaded:1 Bounds:IsValid=true, Min=(X=1665.600 Y=5791.490 Z=-30.000), Max=(X=1942.620 Y=6068.510 Z=395.758) RuntimeGrid:None EditorOnly:0 RuntimeOnly:0 HLODRelevant:0 ListedInSceneOutliner:1 IsMainWorldOnly:0
 |   |   |- Guid:4BB7EFA04ED6D48865A6B796CDF9A827 BaseClass:/Game/Chess/Blueprints/WhiteFigures/BP_WhiteElephant.BP_WhiteElephant_C NativeClass:/Script/Chess.WhiteElephant Name:BP_WhiteElephant_C_UAID_FC3497DF715F93FA01_1687873031 Label:BP_WhiteElephant SpatiallyLoaded:1 Bounds:IsValid=true, Min=(X=664.230 Y=-209.770 Z=-30.000), Max=(X=943.770 Y=69.770 Z=424.108) RuntimeGrid:None EditorOnly:0 RuntimeOnly:0 HLODRelevant:0 ListedInSceneOutliner:1 IsMainWorldOnly:0
 |   |   |- Guid:4C2BB5AD4AEB57BCC5E261850360CCF5 BaseClass:/Game/Chess/Blueprints/BlackFigures/BP_BlackSoldierr.BP_BlackSoldierr_C NativeClass:/Script/Chess.BlackSoldier Name:BP_BlackSoldierr_C_UAID_FC3497DF715F4FFF01_1869127343 Label:BP_BlackSoldierr SpatiallyLoaded:1 Bounds:IsValid=true, Min=(X=6665.600 Y=-208.510 Z=-30.000), Max=(X=6942.620 Y=68.510 Z=395.758) RuntimeGrid:None EditorOnly:0 RuntimeOnly:0 HLODRelevant:0 ListedInSceneOutliner:1 IsMainWorldOnly:0
 |   |   |- Guid:4F7B735A44E12B4B031927A9FC21C460 BaseClass: NativeClass:/Script/Engine.VolumetricCloud Name:VolumetricCloud_1 Label:VolumetricCloud SpatiallyLoaded:0 Bounds:IsValid=true, Min=(X=0.000 Y=0.000 Z=820.000), Max=(X=0.000 Y=0.000 Z=820.000) RuntimeGrid:None EditorOnly:0 RuntimeOnly:0 HLODRelevant:0 ListedInSceneOutliner:1 IsMainWorldOnly:0 FolderPath:Lighting FolderGuid:08A10B054C95868C663DE39EE4343813
 |   |   |- Guid:59AF305845FADCBA5AC0D49445AC0A9F BaseClass:/Game/Chess/Blueprints/BlackFigures/BP_BlackSoldierr.BP_BlackSoldierr_C NativeClass:/Script/Chess.BlackSoldier Name:BP_BlackSoldierr_C_UAID_FC3497DF715F4FFF01_1945755348 Label:BP_BlackSoldierr6 SpatiallyLoaded:1 Bounds:IsValid=true, Min=(X=6665.600 Y=4791.490 Z=-30.000), Max=(X=6942.620 Y=5068.510 Z=395.758) RuntimeGrid:None EditorOnly:0 RuntimeOnly:0 HLODRelevant:0 ListedInSceneOutliner:1 IsMainWorldOnly:0
 |   |   |- Guid:6073513A44D5AD89C27B4996977C43E1 BaseClass:/Game/Chess/Blueprints/WhiteFigures/BP_whiteSoldier.BP_whiteSoldier_C NativeClass:/Script/Chess.whiteSoldier Name:BP_whiteSoldier_C_UAID_FC3497DF715F35F501_1761213210 Label:BP_whiteSoldier4 SpatiallyLoaded:1 Bounds:IsValid=true, Min=(X=1665.600 Y=2791.490 Z=-30.000), Max=(X=1942.620 Y=3068.510 Z=395.758) RuntimeGrid:None EditorOnly:0 RuntimeOnly:0 HLODRelevant:0 ListedInSceneOutliner:1 IsMainWorldOnly:0
 |   |   |- Guid:628066294846774B55D1539AE1E028CF BaseClass:/Game/Chess/Blueprints/WhiteFigures/BP_whiteSoldier.BP_whiteSoldier_C NativeClass:/Script/Chess.whiteSoldier Name:BP_whiteSoldier_C_UAID_FC3497DF715F35F501_1783676214 Label:BP_whiteSoldier8 SpatiallyLoaded:1 Bounds:IsValid=true, Min=(X=1665.600 Y=6791.490 Z=-30.000), Max=(X=1942.620 Y=7068.510 Z=395.758) RuntimeGrid:None EditorOnly:0 RuntimeOnly:0 HLODRelevant:0 ListedInSceneOutliner:1 IsMainWorldOnly:0
 |   |   |- Guid:699ECBBB465A766EE26544BDCFFD9376 BaseClass:/Game/Chess/Blueprints/BlackFigures/BP_BlackQuin.BP_BlackQuin_C NativeClass:/Script/Chess.BlackQuin Name:BP_BlackQuin_C_UAID_FC3497DF715F3BFF01_1954883823 Label:BP_BlackQuin SpatiallyLoaded:1 Bounds:IsValid=true, Min=(X=7643.442 Y=2769.442 Z=-30.000), Max=(X=7964.558 Y=3090.558 Z=593.120) RuntimeGrid:None EditorOnly:0 RuntimeOnly:0 HLODRelevant:0 ListedInSceneOutliner:1 IsMainWorldOnly:0
 |   |   |- Guid:6D7F9A11487F4FE1890E2990CC3EF743 BaseClass:/Game/Chess/Blueprints/WhiteFigures/BP_WhiteKnight.BP_WhiteKnight_C NativeClass:/Script/Chess.WhiteKnight Name:BP_WhiteKnight_C_UAID_FC3497DF715F27FC01_1500521136 Label:BP_WhiteKnight2 SpatiallyLoaded:1 Bounds:IsValid=true, Min=(X=654.137 Y=5790.463 Z=-30.000), Max=(X=953.863 Y=6069.537 Z=467.076) RuntimeGrid:None EditorOnly:0 RuntimeOnly:0 HLODRelevant:0 ListedInSceneOutliner:1 IsMainWorldOnly:0
 |   |   |- Guid:710FF8EC49AD4D58A8694F896224CA5E BaseClass:/Game/Chess/Blueprints/BlackFigures/BP_BlackElephant.BP_BlackElephant_C NativeClass:/Script/Chess.BlackElephant Name:BP_BlackElephant_C_UAID_FC3497DF715F41FF01_1215646880 Label:BP_BlackElephant2 SpatiallyLoaded:1 Bounds:IsValid=true, Min=(X=7664.230 Y=6790.230 Z=-30.000), Max=(X=7943.770 Y=7069.770 Z=424.108) RuntimeGrid:None EditorOnly:0 RuntimeOnly:0 HLODRelevant:0 ListedInSceneOutliner:1 IsMainWorldOnly:0
 |   |   |- Guid:7236A6424063382401D92791F917FA02 BaseClass:/Game/Chess/Blueprints/BlackFigures/BP_BlackSoldierr.BP_BlackSoldierr_C NativeClass:/Script/Chess.BlackSoldier Name:BP_BlackSoldierr_C_UAID_FC3497DF715F4FFF01_1962495350 Label:BP_BlackSoldierr8 SpatiallyLoaded:1 Bounds:IsValid=true, Min=(X=6665.490 Y=6791.490 Z=-30.000), Max=(X=6942.510 Y=7068.510 Z=395.758) RuntimeGrid:None EditorOnly:0 RuntimeOnly:0 HLODRelevant:0 ListedInSceneOutliner:1 IsMainWorldOnly:0
 |   |   |- Guid:7704A9DC4EDCD51BD401CA89559140F5 BaseClass:/Game/Chess/Blueprints/WhiteFigures/BP_whiteSoldier.BP_whiteSoldier_C NativeClass:/Script/Chess.whiteSoldier Name:BP_whiteSoldier_C_UAID_FC3497DF715F35F501_1765413211 Label:BP_whiteSoldier5 SpatiallyLoaded:1 Bounds:IsValid=true, Min=(X=1665.600 Y=3791.490 Z=-30.000), Max=(X=1942.620 Y=4068.510 Z=395.758) RuntimeGrid:None EditorOnly:0 RuntimeOnly:0 HLODRelevant:0 ListedInSceneOutliner:1 IsMainWorldOnly:0
 |   |   |- Guid:788903924598EC8109F9709A8AB41C0D BaseClass: NativeClass:/Script/Engine.WorldDataLayers Name:WorldDataLayers Label:WorldDataLayers-1 SpatiallyLoaded:0 Bounds:Invalid RuntimeGrid:None EditorOnly:0 RuntimeOnly:0 HLODRelevant:0 ListedInSceneOutliner:1 IsMainWorldOnly:1
 |   |   |- Guid:8608551D4372F34C87EEBBBAA3342BDB BaseClass:/Game/Chess/Blueprints/BlackFigures/BP_BlackElephant.BP_BlackElephant_C NativeClass:/Script/Chess.BlackElephant Name:BP_BlackElephant_C_UAID_FC3497DF715F41FF01_1211910879 Label:BP_BlackElephant SpatiallyLoaded:1 Bounds:IsValid=true, Min=(X=7664.230 Y=-209.770 Z=-30.000), Max=(X=7943.770 Y=69.770 Z=424.108) RuntimeGrid:None EditorOnly:0 RuntimeOnly:0 HLODRelevant:0 ListedInSceneOutliner:1 IsMainWorldOnly:0
 |   |   |- Guid:8BAB56CB41358492FD1F5BA37A1564CA BaseClass:/Game/Chess/Blueprints/WhiteFigures/BP_WhiteKnight.BP_WhiteKnight_C NativeClass:/Script/Chess.WhiteKnight Name:BP_WhiteKnight_C_UAID_FC3497DF715F27FC01_1492256135 Label:BP_WhiteKnight SpatiallyLoaded:1 Bounds:IsValid=true, Min=(X=654.137 Y=790.463 Z=-30.000), Max=(X=953.863 Y=1069.537 Z=467.076) RuntimeGrid:None EditorOnly:0 RuntimeOnly:0 HLODRelevant:0 ListedInSceneOutliner:1 IsMainWorldOnly:0
 |   |   |- Guid:8C1340584018FA18B3293799796C7693 BaseClass:/Game/Chess/Blueprints/WhiteFigures/BP_WhiteKing.BP_WhiteKing_C NativeClass:/Script/Chess.WhiteKing Name:BP_WhiteKing_C_UAID_FC3497DF715FE2EA01_1235590039 Label:BP_WhiteKing SpatiallyLoaded:1 Bounds:IsValid=true, Min=(X=643.832 Y=3769.832 Z=-30.000), Max=(X=964.168 Y=4090.168 Z=731.423) RuntimeGrid:None EditorOnly:0 RuntimeOnly:0 HLODRelevant:0 ListedInSceneOutliner:1 IsMainWorldOnly:0
 |   |   |- Guid:8F6CB0F146AD41887D703B906EFA8AF4 BaseClass:/Game/Chess/Blueprints/BlackFigures/BP_BlackSoldierr.BP_BlackSoldierr_C NativeClass:/Script/Chess.BlackSoldier Name:BP_BlackSoldierr_C_UAID_FC3497DF715F4FFF01_1954450349 Label:BP_BlackSoldierr7 SpatiallyLoaded:1 Bounds:IsValid=true, Min=(X=6665.600 Y=5791.490 Z=-30.000), Max=(X=6942.620 Y=6068.510 Z=395.758) RuntimeGrid:None EditorOnly:0 RuntimeOnly:0 HLODRelevant:0 ListedInSceneOutliner:1 IsMainWorldOnly:0
 |   |   |- Guid:97F9D1E840FB976525311485B4E0DA45 BaseClass:/Game/Chess/Blueprints/WhiteFigures/BP_whiteSoldier.BP_whiteSoldier_C NativeClass:/Script/Chess.whiteSoldier Name:BP_whiteSoldier_C_UAID_FC3497DF715F35F501_1768515212 Label:BP_whiteSoldier6 SpatiallyLoaded:1 Bounds:IsValid=true, Min=(X=1665.600 Y=4791.490 Z=-30.000), Max=(X=1942.620 Y=5068.510 Z=395.758) RuntimeGrid:None EditorOnly:0 RuntimeOnly:0 HLODRelevant:0 ListedInSceneOutliner:1 IsMainWorldOnly:0
 |   |   |- Guid:9FFE6665469AE829D82050A8B1F67178 BaseClass: NativeClass:/Script/Engine.DirectionalLight Name:DirectionalLight_1 Label:DirectionalLight SpatiallyLoaded:0 Bounds:IsValid=true, Min=(X=-4398046511104.000 Y=-4398046511104.000 Z=-4398046511104.000), Max=(X=4398046511104.000 Y=4398046511104.000 Z=4398046511104.000) RuntimeGrid:None EditorOnly:0 RuntimeOnly:0 HLODRelevant:0 ListedInSceneOutliner:1 IsMainWorldOnly:0 FolderPath:Lighting FolderGuid:08A10B054C95868C663DE39EE4343813
 |   |   |- Guid:A85A7AD046A0462D176E6889992C1216 BaseClass: NativeClass:/Script/Engine.PostProcessVolume Name:PostProcessVolume_0 Label:PostProcessVolume SpatiallyLoaded:0 Bounds:IsValid=true, Min=(X=0.000 Y=0.000 Z=400.000), Max=(X=200.000 Y=200.000 Z=600.000) RuntimeGrid:None EditorOnly:0 RuntimeOnly:0 HLODRelevant:0 ListedInSceneOutliner:1 IsMainWorldOnly:0 FolderPath:Lighting FolderGuid:08A10B054C95868C663DE39EE4343813
 |   |   |- Guid:A9E2A01440766D6EE6B7AF96C651D27B BaseClass:/Game/Chess/Blueprints/BlackFigures/BP_BlackChief.BP_BlackChief_C NativeClass:/Script/Chess.BlackChief Name:BP_BlackChief_C_UAID_FC3497DF715F41FF01_1644037879 Label:BP_BlackChief SpatiallyLoaded:1 Bounds:IsValid=true, Min=(X=7664.420 Y=1790.420 Z=-30.000), Max=(X=7943.580 Y=2069.580 Z=500.537) RuntimeGrid:None EditorOnly:0 RuntimeOnly:0 HLODRelevant:0 ListedInSceneOutliner:1 IsMainWorldOnly:0
 |   |   |- Guid:AD58E0B64C5CB6DB7463A08CDA1E27CF BaseClass:/Game/Chess/Blueprints/BlackFigures/BP_BlackKing.BP_BlackKing_C NativeClass:/Script/Chess.BlackKing Name:BP_BlackKing_C_UAID_FC3497DF715F40FF01_1772149703 Label:BP_BlackKing SpatiallyLoaded:1 Bounds:IsValid=true, Min=(X=7643.832 Y=3769.832 Z=-30.000), Max=(X=7964.168 Y=4090.168 Z=731.423) RuntimeGrid:None EditorOnly:0 RuntimeOnly:0 HLODRelevant:0 ListedInSceneOutliner:1 IsMainWorldOnly:0
 |   |   |- Guid:B23C247D4E34A96052E563A19E79FA75 BaseClass: NativeClass:/Script/Engine.ExponentialHeightFog Name:ExponentialHeightFog_1 Label:ExponentialHeightFog SpatiallyLoaded:0 Bounds:IsValid=true, Min=(X=-5600.000 Y=-50.000 Z=-6850.000), Max=(X=-5600.000 Y=-50.000 Z=-6850.000) RuntimeGrid:None EditorOnly:0 RuntimeOnly:0 HLODRelevant:0 ListedInSceneOutliner:1 IsMainWorldOnly:0 FolderPath:Lighting FolderGuid:08A10B054C95868C663DE39EE4343813
 |   |   |- Guid:B3A3A3204DFA870D630FF5A379673AE2 BaseClass:/Game/Chess/Blueprints/WhiteFigures/BP_WhiteElephant.BP_WhiteElephant_C NativeClass:/Script/Chess.WhiteElephant Name:BP_WhiteElephant_C_UAID_FC3497DF715F93FA01_1691884032 Label:BP_WhiteElephant2 SpatiallyLoaded:1 Bounds:IsValid=true, Min=(X=664.230 Y=6790.230 Z=-30.000), Max=(X=943.770 Y=7069.770 Z=424.108) RuntimeGrid:None EditorOnly:0 RuntimeOnly:0 HLODRelevant:0 ListedInSceneOutliner:1 IsMainWorldOnly:0
 |   |   |- Guid:BBECE0E44E8BF140D4F9D689CF8F5431 BaseClass:/Game/Chess/Blueprints/WhiteFigures/BP_whiteSoldier.BP_whiteSoldier_C NativeClass:/Script/Chess.whiteSoldier Name:BP_whiteSoldier_C_UAID_FC3497DF715F35F501_1758749209 Label:BP_whiteSoldier3 SpatiallyLoaded:1 Bounds:IsValid=true, Min=(X=1665.490 Y=1791.490 Z=-30.000), Max=(X=1942.510 Y=2068.510 Z=395.758) RuntimeGrid:None EditorOnly:0 RuntimeOnly:0 HLODRelevant:0 ListedInSceneOutliner:1 IsMainWorldOnly:0
 |   |   |- Guid:C726A3284B806D4C379405885740B688 BaseClass: NativeClass:/Script/Engine.PlayerStart Name:PlayerStart_0 Label:PlayerStart SpatiallyLoaded:0 Bounds:IsValid=true, Min=(X=720.000 Y=3610.000 Z=0.013), Max=(X=800.000 Y=3690.000 Z=184.013) RuntimeGrid:None EditorOnly:0 RuntimeOnly:0 HLODRelevant:0 ListedInSceneOutliner:1 IsMainWorldOnly:0
 |   |   |- Guid:CECDCE2C467E40B2B1A8C6A876A08379 BaseClass:/Game/Chess/Blueprints/BlackFigures/BP_BlackSoldierr.BP_BlackSoldierr_C NativeClass:/Script/Chess.BlackSoldier Name:BP_BlackSoldierr_C_UAID_FC3497DF715F4FFF01_1921785347 Label:BP_BlackSoldierr5 SpatiallyLoaded:1 Bounds:IsValid=true, Min=(X=6665.600 Y=3791.490 Z=-30.000), Max=(X=6942.620 Y=4068.510 Z=395.758) RuntimeGrid:None EditorOnly:0 RuntimeOnly:0 HLODRelevant:0 ListedInSceneOutliner:1 IsMainWorldOnly:0
 |   |   |- Guid:E7C88B004DFFF4BE08155AB223A0EF2C BaseClass: NativeClass:/Script/Engine.SkyAtmosphere Name:SkyAtmosphere_1 Label:SkyAtmosphere SpatiallyLoaded:0 Bounds:IsValid=true, Min=(X=0.000 Y=0.000 Z=1020.000), Max=(X=0.000 Y=0.000 Z=1020.000) RuntimeGrid:None EditorOnly:0 RuntimeOnly:0 HLODRelevant:0 ListedInSceneOutliner:1 IsMainWorldOnly:0 FolderPath:Lighting FolderGuid:08A10B054C95868C663DE39EE4343813
 |   |   |- Guid:EC5F9A6A4DEC06D3AC0DF3B4EEB48C6E BaseClass:/Game/Chess/Blueprints/WhiteFigures/BP_WhiteChief.BP_WhiteChief_C NativeClass:/Script/Chess.WhiteChief Name:BP_WhiteChief_C_UAID_FC3497DF715FDCFA01_1369703879 Label:BP_WhiteChief SpatiallyLoaded:1 Bounds:IsValid=true, Min=(X=664.420 Y=1790.420 Z=-30.000), Max=(X=943.580 Y=2069.580 Z=500.537) RuntimeGrid:None EditorOnly:0 RuntimeOnly:0 HLODRelevant:0 ListedInSceneOutliner:1 IsMainWorldOnly:0
 |   |   |- Guid:F1C7B74E416094E4038D3BB9CC0AD196 BaseClass:/Game/Chess/Blueprints/WhiteFigures/BP_whiteSoldier.BP_whiteSoldier_C NativeClass:/Script/Chess.whiteSoldier Name:BP_whiteSoldier_C_UAID_FC3497DF715F35F501_1755329208 Label:BP_whiteSoldier2 SpatiallyLoaded:1 Bounds:IsValid=true, Min=(X=1665.600 Y=791.490 Z=-30.000), Max=(X=1942.620 Y=1068.510 Z=395.758) RuntimeGrid:None EditorOnly:0 RuntimeOnly:0 HLODRelevant:0 ListedInSceneOutliner:1 IsMainWorldOnly:0
 |   |   |- Guid:FA41192B4A39D49ABA91A3BDC5C05499 BaseClass:/Game/Chess/Blueprints/WhiteFigures/BP_WhiteQuin.BP_WhiteQuin_C NativeClass:/Script/Chess.WhiteQuin Name:BP_WhiteQuin_C_UAID_FC3497DF715FDEFA01_1886769231 Label:BP_WhiteQuin SpatiallyLoaded:1 Bounds:IsValid=true, Min=(X=643.442 Y=2769.442 Z=-30.000), Max=(X=964.558 Y=3090.558 Z=593.120) RuntimeGrid:None EditorOnly:0 RuntimeOnly:0 HLODRelevant:0 ListedInSceneOutliner:1 IsMainWorldOnly:0
 |   |- [+] Clusters:
 |   |   |- [+] [  0]
 |   |   |   |- Guid:058CDCBC4ADB4DDC19FC13B794F74284 BaseClass:/Game/Chess/Blueprints/BlackFigures/BP_BlackSoldierr.BP_BlackSoldierr_C NativeClass:/Script/Chess.BlackSoldier Name:BP_BlackSoldierr_C_UAID_FC3497DF715F4FFF01_1897924345 Label:BP_BlackSoldierr3 SpatiallyLoaded:1 Bounds:IsValid=true, Min=(X=6665.600 Y=1791.490 Z=-30.000), Max=(X=6942.620 Y=2068.510 Z=395.758) RuntimeGrid:None EditorOnly:0 RuntimeOnly:0 HLODRelevant:0 ListedInSceneOutliner:1 IsMainWorldOnly:0
 |   |   |- [+] [  1]
 |   |   |   |- Guid:0EE61E7A47FC3CE8502C748246C3269C BaseClass:/Game/Chess/Blueprints/BlackFigures/BP_BlackKnight.BP_BlackKnight_C NativeClass:/Script/Chess.BlackKnight Name:BP_BlackKnight_C_UAID_FC3497DF715F40FF01_1265263704 Label:BP_BlackKnight2 SpatiallyLoaded:1 Bounds:IsValid=true, Min=(X=7654.137 Y=5790.463 Z=-30.000), Max=(X=7953.863 Y=6069.537 Z=467.076) RuntimeGrid:None EditorOnly:0 RuntimeOnly:0 HLODRelevant:0 ListedInSceneOutliner:1 IsMainWorldOnly:0
 |   |   |- [+] [  2]
 |   |   |   |- Guid:0FBF368D405A06D17B2B83B8BB01803B BaseClass:/Game/Chess/Blueprints/BlackFigures/BP_BlackKnight.BP_BlackKnight_C NativeClass:/Script/Chess.BlackKnight Name:BP_BlackKnight_C_UAID_FC3497DF715F40FF01_1264207703 Label:BP_BlackKnight SpatiallyLoaded:1 Bounds:IsValid=true, Min=(X=7654.137 Y=790.463 Z=-30.000), Max=(X=7953.863 Y=1069.537 Z=467.076) RuntimeGrid:None EditorOnly:0 RuntimeOnly:0 HLODRelevant:0 ListedInSceneOutliner:1 IsMainWorldOnly:0
 |   |   |- [+] [  3]
 |   |   |   |- Guid:11E6CB294C1B40CCD0A943BE0A54E581 BaseClass:/Game/Chess/Blueprints/WhiteFigures/BP_whiteSoldier.BP_whiteSoldier_C NativeClass:/Script/Chess.whiteSoldier Name:BP_whiteSoldier_C_UAID_FC3497DF715F35F501_1742468207 Label:BP_whiteSoldier SpatiallyLoaded:1 Bounds:IsValid=true, Min=(X=1665.600 Y=-208.510 Z=-30.000), Max=(X=1942.620 Y=68.510 Z=395.758) RuntimeGrid:None EditorOnly:0 RuntimeOnly:0 HLODRelevant:0 ListedInSceneOutliner:1 IsMainWorldOnly:0
 |   |   |- [+] [  4]
 |   |   |   |- Guid:174DF71143EA367D14F3838C26CC06DF BaseClass: NativeClass:/Script/Engine.SkyLight Name:SkyLight_0 Label:SkyLight SpatiallyLoaded:0 Bounds:IsValid=true, Min=(X=0.000 Y=0.000 Z=690.000), Max=(X=0.000 Y=0.000 Z=690.000) RuntimeGrid:None EditorOnly:0 RuntimeOnly:0 HLODRelevant:0 ListedInSceneOutliner:1 IsMainWorldOnly:0 FolderPath:Lighting FolderGuid:08A10B054C95868C663DE39EE4343813
 |   |   |- [+] [  5]
 |   |   |   |- Guid:264E0AD847627A74813D82A26C128A51 BaseClass:/Game/Chess/Blueprints/BlackFigures/BP_BlackSoldierr.BP_BlackSoldierr_C NativeClass:/Script/Chess.BlackSoldier Name:BP_BlackSoldierr_C_UAID_FC3497DF715F4FFF01_1890299344 Label:BP_BlackSoldierr2 SpatiallyLoaded:1 Bounds:IsValid=true, Min=(X=6665.600 Y=791.490 Z=-30.000), Max=(X=6942.620 Y=1068.510 Z=395.758) RuntimeGrid:None EditorOnly:0 RuntimeOnly:0 HLODRelevant:0 ListedInSceneOutliner:1 IsMainWorldOnly:0
 |   |   |- [+] [  6]
 |   |   |   |- Guid:2A6D3DFB4F0C4BA4A359FC99A1A8B949 BaseClass:/Game/Chess/Blueprints/BlackFigures/BP_BlackChief.BP_BlackChief_C NativeClass:/Script/Chess.BlackChief Name:BP_BlackChief_C_UAID_FC3497DF715F41FF01_1645114880 Label:BP_BlackChief2 SpatiallyLoaded:1 Bounds:IsValid=true, Min=(X=7664.420 Y=4790.420 Z=-30.000), Max=(X=7943.580 Y=5069.580 Z=500.537) RuntimeGrid:None EditorOnly:0 RuntimeOnly:0 HLODRelevant:0 ListedInSceneOutliner:1 IsMainWorldOnly:0
 |   |   |- [+] [  7]
 |   |   |   |- Guid:33E643E54FF6BCED872EA7AAF9FA94D1 BaseClass:/Game/Chess/Blueprints/WhiteFigures/BP_WhiteChief.BP_WhiteChief_C NativeClass:/Script/Chess.WhiteChief Name:BP_WhiteChief_C_UAID_FC3497DF715FDCFA01_1379558880 Label:BP_WhiteChief2 SpatiallyLoaded:1 Bounds:IsValid=true, Min=(X=664.420 Y=4790.420 Z=-30.000), Max=(X=943.580 Y=5069.580 Z=500.537) RuntimeGrid:None EditorOnly:0 RuntimeOnly:0 HLODRelevant:0 ListedInSceneOutliner:1 IsMainWorldOnly:0
 |   |   |- [+] [  8]
 |   |   |   |- Guid:3B270FBB42AABEFE1061BD9E6B223C89 BaseClass:/Game/Chess/BP_ChessBoard.BP_ChessBoard_C NativeClass:/Script/Engine.Actor Name:BP_ChessBoard_C_UAID_FC3497DF715F86EA01_1205431847 Label:BP_ChessBoard SpatiallyLoaded:1 Bounds:IsValid=true, Min=(X=-640.840 Y=-1178.729 Z=-140.000), Max=(X=9361.681 Y=8009.350 Z=-5.490) RuntimeGrid:None EditorOnly:0 RuntimeOnly:0 HLODRelevant:0 ListedInSceneOutliner:1 IsMainWorldOnly:0
 |   |   |- [+] [  9]
 |   |   |   |- Guid:4817035A4462CD469FF706A9E56B27DE BaseClass:/Game/Chess/Blueprints/BlackFigures/BP_BlackSoldierr.BP_BlackSoldierr_C NativeClass:/Script/Chess.BlackSoldier Name:BP_BlackSoldierr_C_UAID_FC3497DF715F4FFF01_1908340346 Label:BP_BlackSoldierr4 SpatiallyLoaded:1 Bounds:IsValid=true, Min=(X=6665.600 Y=2791.490 Z=-30.000), Max=(X=6942.620 Y=3068.510 Z=395.758) RuntimeGrid:None EditorOnly:0 RuntimeOnly:0 HLODRelevant:0 ListedInSceneOutliner:1 IsMainWorldOnly:0
 |   |   |- [+] [ 10]
 |   |   |   |- Guid:4A44ED264382D8B114623F85907CD896 BaseClass:/Game/Chess/Blueprints/WhiteFigures/BP_whiteSoldier.BP_whiteSoldier_C NativeClass:/Script/Chess.whiteSoldier Name:BP_whiteSoldier_C_UAID_FC3497DF715F35F501_1779751213 Label:BP_whiteSoldier7 SpatiallyLoaded:1 Bounds:IsValid=true, Min=(X=1665.600 Y=5791.490 Z=-30.000), Max=(X=1942.620 Y=6068.510 Z=395.758) RuntimeGrid:None EditorOnly:0 RuntimeOnly:0 HLODRelevant:0 ListedInSceneOutliner:1 IsMainWorldOnly:0
 |   |   |- [+] [ 11]
 |   |   |   |- Guid:4BB7EFA04ED6D48865A6B796CDF9A827 BaseClass:/Game/Chess/Blueprints/WhiteFigures/BP_WhiteElephant.BP_WhiteElephant_C NativeClass:/Script/Chess.WhiteElephant Name:BP_WhiteElephant_C_UAID_FC3497DF715F93FA01_1687873031 Label:BP_WhiteElephant SpatiallyLoaded:1 Bounds:IsValid=true, Min=(X=664.230 Y=-209.770 Z=-30.000), Max=(X=943.770 Y=69.770 Z=424.108) RuntimeGrid:None EditorOnly:0 RuntimeOnly:0 HLODRelevant:0 ListedInSceneOutliner:1 IsMainWorldOnly:0
 |   |   |- [+] [ 12]
 |   |   |   |- Guid:4C2BB5AD4AEB57BCC5E261850360CCF5 BaseClass:/Game/Chess/Blueprints/BlackFigures/BP_BlackSoldierr.BP_BlackSoldierr_C NativeClass:/Script/Chess.BlackSoldier Name:BP_BlackSoldierr_C_UAID_FC3497DF715F4FFF01_1869127343 Label:BP_BlackSoldierr SpatiallyLoaded:1 Bounds:IsValid=true, Min=(X=6665.600 Y=-208.510 Z=-30.000), Max=(X=6942.620 Y=68.510 Z=395.758) RuntimeGrid:None EditorOnly:0 RuntimeOnly:0 HLODRelevant:0 ListedInSceneOutliner:1 IsMainWorldOnly:0
 |   |   |- [+] [ 13]
 |   |   |   |- Guid:4F7B735A44E12B4B031927A9FC21C460 BaseClass: NativeClass:/Script/Engine.VolumetricCloud Name:VolumetricCloud_1 Label:VolumetricCloud SpatiallyLoaded:0 Bounds:IsValid=true, Min=(X=0.000 Y=0.000 Z=820.000), Max=(X=0.000 Y=0.000 Z=820.000) RuntimeGrid:None EditorOnly:0 RuntimeOnly:0 HLODRelevant:0 ListedInSceneOutliner:1 IsMainWorldOnly:0 FolderPath:Lighting FolderGuid:08A10B054C95868C663DE39EE4343813
 |   |   |- [+] [ 14]
 |   |   |   |- Guid:59AF305845FADCBA5AC0D49445AC0A9F BaseClass:/Game/Chess/Blueprints/BlackFigures/BP_BlackSoldierr.BP_BlackSoldierr_C NativeClass:/Script/Chess.BlackSoldier Name:BP_BlackSoldierr_C_UAID_FC3497DF715F4FFF01_1945755348 Label:BP_BlackSoldierr6 SpatiallyLoaded:1 Bounds:IsValid=true, Min=(X=6665.600 Y=4791.490 Z=-30.000), Max=(X=6942.620 Y=5068.510 Z=395.758) RuntimeGrid:None EditorOnly:0 RuntimeOnly:0 HLODRelevant:0 ListedInSceneOutliner:1 IsMainWorldOnly:0
 |   |   |- [+] [ 15]
 |   |   |   |- Guid:6073513A44D5AD89C27B4996977C43E1 BaseClass:/Game/Chess/Blueprints/WhiteFigures/BP_whiteSoldier.BP_whiteSoldier_C NativeClass:/Script/Chess.whiteSoldier Name:BP_whiteSoldier_C_UAID_FC3497DF715F35F501_1761213210 Label:BP_whiteSoldier4 SpatiallyLoaded:1 Bounds:IsValid=true, Min=(X=1665.600 Y=2791.490 Z=-30.000), Max=(X=1942.620 Y=3068.510 Z=395.758) RuntimeGrid:None EditorOnly:0 RuntimeOnly:0 HLODRelevant:0 ListedInSceneOutliner:1 IsMainWorldOnly:0
 |   |   |- [+] [ 16]
 |   |   |   |- Guid:628066294846774B55D1539AE1E028CF BaseClass:/Game/Chess/Blueprints/WhiteFigures/BP_whiteSoldier.BP_whiteSoldier_C NativeClass:/Script/Chess.whiteSoldier Name:BP_whiteSoldier_C_UAID_FC3497DF715F35F501_1783676214 Label:BP_whiteSoldier8 SpatiallyLoaded:1 Bounds:IsValid=true, Min=(X=1665.600 Y=6791.490 Z=-30.000), Max=(X=1942.620 Y=7068.510 Z=395.758) RuntimeGrid:None EditorOnly:0 RuntimeOnly:0 HLODRelevant:0 ListedInSceneOutliner:1 IsMainWorldOnly:0
 |   |   |- [+] [ 17]
 |   |   |   |- Guid:699ECBBB465A766EE26544BDCFFD9376 BaseClass:/Game/Chess/Blueprints/BlackFigures/BP_BlackQuin.BP_BlackQuin_C NativeClass:/Script/Chess.BlackQuin Name:BP_BlackQuin_C_UAID_FC3497DF715F3BFF01_1954883823 Label:BP_BlackQuin SpatiallyLoaded:1 Bounds:IsValid=true, Min=(X=7643.442 Y=2769.442 Z=-30.000), Max=(X=7964.558 Y=3090.558 Z=593.120) RuntimeGrid:None EditorOnly:0 RuntimeOnly:0 HLODRelevant:0 ListedInSceneOutliner:1 IsMainWorldOnly:0
 |   |   |- [+] [ 18]
 |   |   |   |- Guid:6D7F9A11487F4FE1890E2990CC3EF743 BaseClass:/Game/Chess/Blueprints/WhiteFigures/BP_WhiteKnight.BP_WhiteKnight_C NativeClass:/Script/Chess.WhiteKnight Name:BP_WhiteKnight_C_UAID_FC3497DF715F27FC01_1500521136 Label:BP_WhiteKnight2 SpatiallyLoaded:1 Bounds:IsValid=true, Min=(X=654.137 Y=5790.463 Z=-30.000), Max=(X=953.863 Y=6069.537 Z=467.076) RuntimeGrid:None EditorOnly:0 RuntimeOnly:0 HLODRelevant:0 ListedInSceneOutliner:1 IsMainWorldOnly:0
 |   |   |- [+] [ 19]
 |   |   |   |- Guid:710FF8EC49AD4D58A8694F896224CA5E BaseClass:/Game/Chess/Blueprints/BlackFigures/BP_BlackElephant.BP_BlackElephant_C NativeClass:/Script/Chess.BlackElephant Name:BP_BlackElephant_C_UAID_FC3497DF715F41FF01_1215646880 Label:BP_BlackElephant2 SpatiallyLoaded:1 Bounds:IsValid=true, Min=(X=7664.230 Y=6790.230 Z=-30.000), Max=(X=7943.770 Y=7069.770 Z=424.108) RuntimeGrid:None EditorOnly:0 RuntimeOnly:0 HLODRelevant:0 ListedInSceneOutliner:1 IsMainWorldOnly:0
 |   |   |- [+] [ 20]
 |   |   |   |- Guid:7236A6424063382401D92791F917FA02 BaseClass:/Game/Chess/Blueprints/BlackFigures/BP_BlackSoldierr.BP_BlackSoldierr_C NativeClass:/Script/Chess.BlackSoldier Name:BP_BlackSoldierr_C_UAID_FC3497DF715F4FFF01_1962495350 Label:BP_BlackSoldierr8 SpatiallyLoaded:1 Bounds:IsValid=true, Min=(X=6665.490 Y=6791.490 Z=-30.000), Max=(X=6942.510 Y=7068.510 Z=395.758) RuntimeGrid:None EditorOnly:0 RuntimeOnly:0 HLODRelevant:0 ListedInSceneOutliner:1 IsMainWorldOnly:0
 |   |   |- [+] [ 21]
 |   |   |   |- Guid:7704A9DC4EDCD51BD401CA89559140F5 BaseClass:/Game/Chess/Blueprints/WhiteFigures/BP_whiteSoldier.BP_whiteSoldier_C NativeClass:/Script/Chess.whiteSoldier Name:BP_whiteSoldier_C_UAID_FC3497DF715F35F501_1765413211 Label:BP_whiteSoldier5 SpatiallyLoaded:1 Bounds:IsValid=true, Min=(X=1665.600 Y=3791.490 Z=-30.000), Max=(X=1942.620 Y=4068.510 Z=395.758) RuntimeGrid:None EditorOnly:0 RuntimeOnly:0 HLODRelevant:0 ListedInSceneOutliner:1 IsMainWorldOnly:0
 |   |   |- [+] [ 22]
 |   |   |   |- Guid:788903924598EC8109F9709A8AB41C0D BaseClass: NativeClass:/Script/Engine.WorldDataLayers Name:WorldDataLayers Label:WorldDataLayers-1 SpatiallyLoaded:0 Bounds:Invalid RuntimeGrid:None EditorOnly:0 RuntimeOnly:0 HLODRelevant:0 ListedInSceneOutliner:1 IsMainWorldOnly:1
 |   |   |- [+] [ 23]
 |   |   |   |- Guid:8608551D4372F34C87EEBBBAA3342BDB BaseClass:/Game/Chess/Blueprints/BlackFigures/BP_BlackElephant.BP_BlackElephant_C NativeClass:/Script/Chess.BlackElephant Name:BP_BlackElephant_C_UAID_FC3497DF715F41FF01_1211910879 Label:BP_BlackElephant SpatiallyLoaded:1 Bounds:IsValid=true, Min=(X=7664.230 Y=-209.770 Z=-30.000), Max=(X=7943.770 Y=69.770 Z=424.108) RuntimeGrid:None EditorOnly:0 RuntimeOnly:0 HLODRelevant:0 ListedInSceneOutliner:1 IsMainWorldOnly:0
 |   |   |- [+] [ 24]
 |   |   |   |- Guid:8BAB56CB41358492FD1F5BA37A1564CA BaseClass:/Game/Chess/Blueprints/WhiteFigures/BP_WhiteKnight.BP_WhiteKnight_C NativeClass:/Script/Chess.WhiteKnight Name:BP_WhiteKnight_C_UAID_FC3497DF715F27FC01_1492256135 Label:BP_WhiteKnight SpatiallyLoaded:1 Bounds:IsValid=true, Min=(X=654.137 Y=790.463 Z=-30.000), Max=(X=953.863 Y=1069.537 Z=467.076) RuntimeGrid:None EditorOnly:0 RuntimeOnly:0 HLODRelevant:0 ListedInSceneOutliner:1 IsMainWorldOnly:0
 |   |   |- [+] [ 25]
 |   |   |   |- Guid:8C1340584018FA18B3293799796C7693 BaseClass:/Game/Chess/Blueprints/WhiteFigures/BP_WhiteKing.BP_WhiteKing_C NativeClass:/Script/Chess.WhiteKing Name:BP_WhiteKing_C_UAID_FC3497DF715FE2EA01_1235590039 Label:BP_WhiteKing SpatiallyLoaded:1 Bounds:IsValid=true, Min=(X=643.832 Y=3769.832 Z=-30.000), Max=(X=964.168 Y=4090.168 Z=731.423) RuntimeGrid:None EditorOnly:0 RuntimeOnly:0 HLODRelevant:0 ListedInSceneOutliner:1 IsMainWorldOnly:0
 |   |   |- [+] [ 26]
 |   |   |   |- Guid:8F6CB0F146AD41887D703B906EFA8AF4 BaseClass:/Game/Chess/Blueprints/BlackFigures/BP_BlackSoldierr.BP_BlackSoldierr_C NativeClass:/Script/Chess.BlackSoldier Name:BP_BlackSoldierr_C_UAID_FC3497DF715F4FFF01_1954450349 Label:BP_BlackSoldierr7 SpatiallyLoaded:1 Bounds:IsValid=true, Min=(X=6665.600 Y=5791.490 Z=-30.000), Max=(X=6942.620 Y=6068.510 Z=395.758) RuntimeGrid:None EditorOnly:0 RuntimeOnly:0 HLODRelevant:0 ListedInSceneOutliner:1 IsMainWorldOnly:0
 |   |   |- [+] [ 27]
 |   |   |   |- Guid:97F9D1E840FB976525311485B4E0DA45 BaseClass:/Game/Chess/Blueprints/WhiteFigures/BP_whiteSoldier.BP_whiteSoldier_C NativeClass:/Script/Chess.whiteSoldier Name:BP_whiteSoldier_C_UAID_FC3497DF715F35F501_1768515212 Label:BP_whiteSoldier6 SpatiallyLoaded:1 Bounds:IsValid=true, Min=(X=1665.600 Y=4791.490 Z=-30.000), Max=(X=1942.620 Y=5068.510 Z=395.758) RuntimeGrid:None EditorOnly:0 RuntimeOnly:0 HLODRelevant:0 ListedInSceneOutliner:1 IsMainWorldOnly:0
 |   |   |- [+] [ 28]
 |   |   |   |- Guid:9FFE6665469AE829D82050A8B1F67178 BaseClass: NativeClass:/Script/Engine.DirectionalLight Name:DirectionalLight_1 Label:DirectionalLight SpatiallyLoaded:0 Bounds:IsValid=true, Min=(X=-4398046511104.000 Y=-4398046511104.000 Z=-4398046511104.000), Max=(X=4398046511104.000 Y=4398046511104.000 Z=4398046511104.000) RuntimeGrid:None EditorOnly:0 RuntimeOnly:0 HLODRelevant:0 ListedInSceneOutliner:1 IsMainWorldOnly:0 FolderPath:Lighting FolderGuid:08A10B054C95868C663DE39EE4343813
 |   |   |- [+] [ 29]
 |   |   |   |- Guid:A85A7AD046A0462D176E6889992C1216 BaseClass: NativeClass:/Script/Engine.PostProcessVolume Name:PostProcessVolume_0 Label:PostProcessVolume SpatiallyLoaded:0 Bounds:IsValid=true, Min=(X=0.000 Y=0.000 Z=400.000), Max=(X=200.000 Y=200.000 Z=600.000) RuntimeGrid:None EditorOnly:0 RuntimeOnly:0 HLODRelevant:0 ListedInSceneOutliner:1 IsMainWorldOnly:0 FolderPath:Lighting FolderGuid:08A10B054C95868C663DE39EE4343813
 |   |   |- [+] [ 30]
 |   |   |   |- Guid:A9E2A01440766D6EE6B7AF96C651D27B BaseClass:/Game/Chess/Blueprints/BlackFigures/BP_BlackChief.BP_BlackChief_C NativeClass:/Script/Chess.BlackChief Name:BP_BlackChief_C_UAID_FC3497DF715F41FF01_1644037879 Label:BP_BlackChief SpatiallyLoaded:1 Bounds:IsValid=true, Min=(X=7664.420 Y=1790.420 Z=-30.000), Max=(X=7943.580 Y=2069.580 Z=500.537) RuntimeGrid:None EditorOnly:0 RuntimeOnly:0 HLODRelevant:0 ListedInSceneOutliner:1 IsMainWorldOnly:0
 |   |   |- [+] [ 31]
 |   |   |   |- Guid:AD58E0B64C5CB6DB7463A08CDA1E27CF BaseClass:/Game/Chess/Blueprints/BlackFigures/BP_BlackKing.BP_BlackKing_C NativeClass:/Script/Chess.BlackKing Name:BP_BlackKing_C_UAID_FC3497DF715F40FF01_1772149703 Label:BP_BlackKing SpatiallyLoaded:1 Bounds:IsValid=true, Min=(X=7643.832 Y=3769.832 Z=-30.000), Max=(X=7964.168 Y=4090.168 Z=731.423) RuntimeGrid:None EditorOnly:0 RuntimeOnly:0 HLODRelevant:0 ListedInSceneOutliner:1 IsMainWorldOnly:0
 |   |   |- [+] [ 32]
 |   |   |   |- Guid:B23C247D4E34A96052E563A19E79FA75 BaseClass: NativeClass:/Script/Engine.ExponentialHeightFog Name:ExponentialHeightFog_1 Label:ExponentialHeightFog SpatiallyLoaded:0 Bounds:IsValid=true, Min=(X=-5600.000 Y=-50.000 Z=-6850.000), Max=(X=-5600.000 Y=-50.000 Z=-6850.000) RuntimeGrid:None EditorOnly:0 RuntimeOnly:0 HLODRelevant:0 ListedInSceneOutliner:1 IsMainWorldOnly:0 FolderPath:Lighting FolderGuid:08A10B054C95868C663DE39EE4343813
 |   |   |- [+] [ 33]
 |   |   |   |- Guid:B3A3A3204DFA870D630FF5A379673AE2 BaseClass:/Game/Chess/Blueprints/WhiteFigures/BP_WhiteElephant.BP_WhiteElephant_C NativeClass:/Script/Chess.WhiteElephant Name:BP_WhiteElephant_C_UAID_FC3497DF715F93FA01_1691884032 Label:BP_WhiteElephant2 SpatiallyLoaded:1 Bounds:IsValid=true, Min=(X=664.230 Y=6790.230 Z=-30.000), Max=(X=943.770 Y=7069.770 Z=424.108) RuntimeGrid:None EditorOnly:0 RuntimeOnly:0 HLODRelevant:0 ListedInSceneOutliner:1 IsMainWorldOnly:0
 |   |   |- [+] [ 34]
 |   |   |   |- Guid:BBECE0E44E8BF140D4F9D689CF8F5431 BaseClass:/Game/Chess/Blueprints/WhiteFigures/BP_whiteSoldier.BP_whiteSoldier_C NativeClass:/Script/Chess.whiteSoldier Name:BP_whiteSoldier_C_UAID_FC3497DF715F35F501_1758749209 Label:BP_whiteSoldier3 SpatiallyLoaded:1 Bounds:IsValid=true, Min=(X=1665.490 Y=1791.490 Z=-30.000), Max=(X=1942.510 Y=2068.510 Z=395.758) RuntimeGrid:None EditorOnly:0 RuntimeOnly:0 HLODRelevant:0 ListedInSceneOutliner:1 IsMainWorldOnly:0
 |   |   |- [+] [ 35]
 |   |   |   |- Guid:C726A3284B806D4C379405885740B688 BaseClass: NativeClass:/Script/Engine.PlayerStart Name:PlayerStart_0 Label:PlayerStart SpatiallyLoaded:0 Bounds:IsValid=true, Min=(X=720.000 Y=3610.000 Z=0.013), Max=(X=800.000 Y=3690.000 Z=184.013) RuntimeGrid:None EditorOnly:0 RuntimeOnly:0 HLODRelevant:0 ListedInSceneOutliner:1 IsMainWorldOnly:0
 |   |   |- [+] [ 36]
 |   |   |   |- Guid:CECDCE2C467E40B2B1A8C6A876A08379 BaseClass:/Game/Chess/Blueprints/BlackFigures/BP_BlackSoldierr.BP_BlackSoldierr_C NativeClass:/Script/Chess.BlackSoldier Name:BP_BlackSoldierr_C_UAID_FC3497DF715F4FFF01_1921785347 Label:BP_BlackSoldierr5 SpatiallyLoaded:1 Bounds:IsValid=true, Min=(X=6665.600 Y=3791.490 Z=-30.000), Max=(X=6942.620 Y=4068.510 Z=395.758) RuntimeGrid:None EditorOnly:0 RuntimeOnly:0 HLODRelevant:0 ListedInSceneOutliner:1 IsMainWorldOnly:0
 |   |   |- [+] [ 37]
 |   |   |   |- Guid:E7C88B004DFFF4BE08155AB223A0EF2C BaseClass: NativeClass:/Script/Engine.SkyAtmosphere Name:SkyAtmosphere_1 Label:SkyAtmosphere SpatiallyLoaded:0 Bounds:IsValid=true, Min=(X=0.000 Y=0.000 Z=1020.000), Max=(X=0.000 Y=0.000 Z=1020.000) RuntimeGrid:None EditorOnly:0 RuntimeOnly:0 HLODRelevant:0 ListedInSceneOutliner:1 IsMainWorldOnly:0 FolderPath:Lighting FolderGuid:08A10B054C95868C663DE39EE4343813
 |   |   |- [+] [ 38]
 |   |   |   |- Guid:EC5F9A6A4DEC06D3AC0DF3B4EEB48C6E BaseClass:/Game/Chess/Blueprints/WhiteFigures/BP_WhiteChief.BP_WhiteChief_C NativeClass:/Script/Chess.WhiteChief Name:BP_WhiteChief_C_UAID_FC3497DF715FDCFA01_1369703879 Label:BP_WhiteChief SpatiallyLoaded:1 Bounds:IsValid=true, Min=(X=664.420 Y=1790.420 Z=-30.000), Max=(X=943.580 Y=2069.580 Z=500.537) RuntimeGrid:None EditorOnly:0 RuntimeOnly:0 HLODRelevant:0 ListedInSceneOutliner:1 IsMainWorldOnly:0
 |   |   |- [+] [ 39]
 |   |   |   |- Guid:F1C7B74E416094E4038D3BB9CC0AD196 BaseClass:/Game/Chess/Blueprints/WhiteFigures/BP_whiteSoldier.BP_whiteSoldier_C NativeClass:/Script/Chess.whiteSoldier Name:BP_whiteSoldier_C_UAID_FC3497DF715F35F501_1755329208 Label:BP_whiteSoldier2 SpatiallyLoaded:1 Bounds:IsValid=true, Min=(X=1665.600 Y=791.490 Z=-30.000), Max=(X=1942.620 Y=1068.510 Z=395.758) RuntimeGrid:None EditorOnly:0 RuntimeOnly:0 HLODRelevant:0 ListedInSceneOutliner:1 IsMainWorldOnly:0
 |   |   |- [+] [ 40]
 |   |   |   |- Guid:FA41192B4A39D49ABA91A3BDC5C05499 BaseClass:/Game/Chess/Blueprints/WhiteFigures/BP_WhiteQuin.BP_WhiteQuin_C NativeClass:/Script/Chess.WhiteQuin Name:BP_WhiteQuin_C_UAID_FC3497DF715FDEFA01_1886769231 Label:BP_WhiteQuin SpatiallyLoaded:1 Bounds:IsValid=true, Min=(X=643.442 Y=2769.442 Z=-30.000), Max=(X=964.558 Y=3090.558 Z=593.120) RuntimeGrid:None EditorOnly:0 RuntimeOnly:0 HLODRelevant:0 ListedInSceneOutliner:1 IsMainWorldOnly:0
 |- ContainerInstances:
 |- [+] MainContainer:
 |   |-        ID: 00000000000000000000000000000000
 |   |-  ParentID: 00000000000000000000000000000000
 |   |-    Bounds: IsValid=false, Min=(X=0.000 Y=0.000 Z=0.000), Max=(X=0.000 Y=0.000 Z=0.000)
 |   |- Transform: 0.000000,0.000000,0.000000|0.000000,0.000000,-0.000000|1.000000,1.000000,1.000000
 |   |- Container: /Game/ThirdPerson/Maps/ThirdPersonMap
----------------------------------------------------------------------------------------------------------------
ThirdPersonMap - Persistent Level
----------------------------------------------------------------------------------------------------------------
[+] Content of ThirdPersonMap Persistent Level
 |- Always loaded Actor Count: 48 
 |- Actor Path: /Game/ThirdPerson/Maps/ThirdPersonMap.ThirdPersonMap:PersistentLevel.AbstractNavData-Default
 |- Actor Package: /Game/ThirdPerson/Maps/ThirdPersonMap
 |- Actor Path: /Game/ThirdPerson/Maps/ThirdPersonMap.ThirdPersonMap:PersistentLevel.BP_BlackChief_C_UAID_FC3497DF715F41FF01_1644037879
 |- Actor Package: /Game/__ExternalActors__/ThirdPerson/Maps/ThirdPersonMap/8/OJ/R359MNQ966H1NTCTTTD41W
 |- Actor Path: /Game/ThirdPerson/Maps/ThirdPersonMap.ThirdPersonMap:PersistentLevel.BP_BlackChief_C_UAID_FC3497DF715F41FF01_1645114880
 |- Actor Package: /Game/__ExternalActors__/ThirdPerson/Maps/ThirdPersonMap/9/W4/WU0Z7AHHY2053HPYOHXODU
 |- Actor Path: /Game/ThirdPerson/Maps/ThirdPersonMap.ThirdPersonMap:PersistentLevel.BP_BlackElephant_C_UAID_FC3497DF715F41FF01_1211910879
 |- Actor Package: /Game/__ExternalActors__/ThirdPerson/Maps/ThirdPersonMap/2/T6/F0T3O52YJMBGD7L9QZYWA7
 |- Actor Path: /Game/ThirdPerson/Maps/ThirdPersonMap.ThirdPersonMap:PersistentLevel.BP_BlackElephant_C_UAID_FC3497DF715F41FF01_1215646880
 |- Actor Package: /Game/__ExternalActors__/ThirdPerson/Maps/ThirdPersonMap/4/KI/PWCU9BMW3GN8MRBYZ1WLVD
 |- Actor Path: /Game/ThirdPerson/Maps/ThirdPersonMap.ThirdPersonMap:PersistentLevel.BP_BlackKing_C_UAID_FC3497DF715F40FF01_1772149703
 |- Actor Package: /Game/__ExternalActors__/ThirdPerson/Maps/ThirdPersonMap/A/WS/17UDNUPPZZYBHLKCLBERD9
 |- Actor Path: /Game/ThirdPerson/Maps/ThirdPersonMap.ThirdPersonMap:PersistentLevel.BP_BlackKnight_C_UAID_FC3497DF715F40FF01_1264207703
 |- Actor Package: /Game/__ExternalActors__/ThirdPerson/Maps/ThirdPersonMap/9/QM/UDBTH519MI3E61VT0UHEM6
 |- Actor Path: /Game/ThirdPerson/Maps/ThirdPersonMap.ThirdPersonMap:PersistentLevel.BP_BlackKnight_C_UAID_FC3497DF715F40FF01_1265263704
 |- Actor Package: /Game/__ExternalActors__/ThirdPerson/Maps/ThirdPersonMap/C/XP/22QNS95GRYPMTQ03KM1G8C
 |- Actor Path: /Game/ThirdPerson/Maps/ThirdPersonMap.ThirdPersonMap:PersistentLevel.BP_BlackQuin_C_UAID_FC3497DF715F3BFF01_1954883823
 |- Actor Package: /Game/__ExternalActors__/ThirdPerson/Maps/ThirdPersonMap/B/SE/9I5D4XHQNH47C1OLDYLD0Q
 |- Actor Path: /Game/ThirdPerson/Maps/ThirdPersonMap.ThirdPersonMap:PersistentLevel.BP_BlackSoldierr_C_UAID_FC3497DF715F4FFF01_1869127343
 |- Actor Package: /Game/__ExternalActors__/ThirdPerson/Maps/ThirdPersonMap/2/F8/ST0TM5RMNV6W4WJ5O0XLB7
 |- Actor Path: /Game/ThirdPerson/Maps/ThirdPersonMap.ThirdPersonMap:PersistentLevel.BP_BlackSoldierr_C_UAID_FC3497DF715F4FFF01_1890299344
 |- Actor Package: /Game/__ExternalActors__/ThirdPerson/Maps/ThirdPersonMap/B/4R/LTGXFJ65Q9152YU02R45QL
 |- Actor Path: /Game/ThirdPerson/Maps/ThirdPersonMap.ThirdPersonMap:PersistentLevel.BP_BlackSoldierr_C_UAID_FC3497DF715F4FFF01_1897924345
 |- Actor Package: /Game/__ExternalActors__/ThirdPerson/Maps/ThirdPersonMap/E/SV/0QV7JFHICKUPVK1K9QH5YI
 |- Actor Path: /Game/ThirdPerson/Maps/ThirdPersonMap.ThirdPersonMap:PersistentLevel.BP_BlackSoldierr_C_UAID_FC3497DF715F4FFF01_1908340346
 |- Actor Package: /Game/__ExternalActors__/ThirdPerson/Maps/ThirdPersonMap/7/MG/4Q1YQIBFGMHZ34UE88EOCH
 |- Actor Path: /Game/ThirdPerson/Maps/ThirdPersonMap.ThirdPersonMap:PersistentLevel.BP_BlackSoldierr_C_UAID_FC3497DF715F4FFF01_1921785347
 |- Actor Package: /Game/__ExternalActors__/ThirdPerson/Maps/ThirdPersonMap/4/AG/8549YR2HF7ZOYIF6XUERU7
 |- Actor Path: /Game/ThirdPerson/Maps/ThirdPersonMap.ThirdPersonMap:PersistentLevel.BP_BlackSoldierr_C_UAID_FC3497DF715F4FFF01_1945755348
 |- Actor Package: /Game/__ExternalActors__/ThirdPerson/Maps/ThirdPersonMap/0/A4/5R9LM53U41WDW9WUX3T2IW
 |- Actor Path: /Game/ThirdPerson/Maps/ThirdPersonMap.ThirdPersonMap:PersistentLevel.BP_BlackSoldierr_C_UAID_FC3497DF715F4FFF01_1954450349
 |- Actor Package: /Game/__ExternalActors__/ThirdPerson/Maps/ThirdPersonMap/2/IA/IPNP4KCYNQZ4GE872C0QLH
 |- Actor Path: /Game/ThirdPerson/Maps/ThirdPersonMap.ThirdPersonMap:PersistentLevel.BP_BlackSoldierr_C_UAID_FC3497DF715F4FFF01_1962495350
 |- Actor Package: /Game/__ExternalActors__/ThirdPerson/Maps/ThirdPersonMap/B/NG/BZLTZD4YEQ6A4GEJDJKIK4
 |- Actor Path: /Game/ThirdPerson/Maps/ThirdPersonMap.ThirdPersonMap:PersistentLevel.BP_ChessBoard_C_UAID_FC3497DF715F86EA01_1205431847
 |- Actor Package: /Game/__ExternalActors__/ThirdPerson/Maps/ThirdPersonMap/F/4W/AZWAL21L2BNAJO7F9Z9Y4Q
 |- Actor Path: /Game/ThirdPerson/Maps/ThirdPersonMap.ThirdPersonMap:PersistentLevel.BP_WhiteChief_C_UAID_FC3497DF715FDCFA01_1369703879
 |- Actor Package: /Game/__ExternalActors__/ThirdPerson/Maps/ThirdPersonMap/7/5M/6IV4MMB0FTB6L7Y6JUN2SJ
 |- Actor Path: /Game/ThirdPerson/Maps/ThirdPersonMap.ThirdPersonMap:PersistentLevel.BP_WhiteChief_C_UAID_FC3497DF715FDCFA01_1379558880
 |- Actor Package: /Game/__ExternalActors__/ThirdPerson/Maps/ThirdPersonMap/D/6N/2HFSC1GZIYB2KA2QLQEY5I
 |- Actor Path: /Game/ThirdPerson/Maps/ThirdPersonMap.ThirdPersonMap:PersistentLevel.BP_WhiteElephant_C_UAID_FC3497DF715F93FA01_1687873031
 |- Actor Package: /Game/__ExternalActors__/ThirdPerson/Maps/ThirdPersonMap/A/8V/1ZLUNH9U62PEM6O864K96F
 |- Actor Path: /Game/ThirdPerson/Maps/ThirdPersonMap.ThirdPersonMap:PersistentLevel.BP_WhiteElephant_C_UAID_FC3497DF715F93FA01_1691884032
 |- Actor Package: /Game/__ExternalActors__/ThirdPerson/Maps/ThirdPersonMap/8/UX/BNG6JAZJO9GL1SCT5R4SAI
 |- Actor Path: /Game/ThirdPerson/Maps/ThirdPersonMap.ThirdPersonMap:PersistentLevel.BP_WhiteKing_C_UAID_FC3497DF715FE2EA01_1235590039
 |- Actor Package: /Game/__ExternalActors__/ThirdPerson/Maps/ThirdPersonMap/1/XK/USFFXZPNAOE20KH94SRPKM
 |- Actor Path: /Game/ThirdPerson/Maps/ThirdPersonMap.ThirdPersonMap:PersistentLevel.BP_WhiteKnight_C_UAID_FC3497DF715F27FC01_1492256135
 |- Actor Package: /Game/__ExternalActors__/ThirdPerson/Maps/ThirdPersonMap/8/HL/JE8L3GS3VM0QN7AV6SOKU2
 |- Actor Path: /Game/ThirdPerson/Maps/ThirdPersonMap.ThirdPersonMap:PersistentLevel.BP_WhiteKnight_C_UAID_FC3497DF715F27FC01_1500521136
 |- Actor Package: /Game/__ExternalActors__/ThirdPerson/Maps/ThirdPersonMap/0/YI/COS57MOW3U9VTGBGIPFUMH
 |- Actor Path: /Game/ThirdPerson/Maps/ThirdPersonMap.ThirdPersonMap:PersistentLevel.BP_WhiteQuin_C_UAID_FC3497DF715FDEFA01_1886769231
 |- Actor Package: /Game/__ExternalActors__/ThirdPerson/Maps/ThirdPersonMap/B/R9/7MNKAM4SXZDPBC5RGE0XWH
 |- Actor Path: /Game/ThirdPerson/Maps/ThirdPersonMap.ThirdPersonMap:PersistentLevel.BP_whiteSoldier_C_UAID_FC3497DF715F35F501_1742468207
 |- Actor Package: /Game/__ExternalActors__/ThirdPerson/Maps/ThirdPersonMap/A/N1/HG1WBETNJ4SU86JP4WOQGN
 |- Actor Path: /Game/ThirdPerson/Maps/ThirdPersonMap.ThirdPersonMap:PersistentLevel.BP_whiteSoldier_C_UAID_FC3497DF715F35F501_1755329208
 |- Actor Package: /Game/__ExternalActors__/ThirdPerson/Maps/ThirdPersonMap/0/5D/9DXAZA0DOKJE452A37VQM2
 |- Actor Path: /Game/ThirdPerson/Maps/ThirdPersonMap.ThirdPersonMap:PersistentLevel.BP_whiteSoldier_C_UAID_FC3497DF715F35F501_1758749209
 |- Actor Package: /Game/__ExternalActors__/ThirdPerson/Maps/ThirdPersonMap/1/VA/LS1GRPZ3A96PKZ0MFCUNM9
 |- Actor Path: /Game/ThirdPerson/Maps/ThirdPersonMap.ThirdPersonMap:PersistentLevel.BP_whiteSoldier_C_UAID_FC3497DF715F35F501_1761213210
 |- Actor Package: /Game/__ExternalActors__/ThirdPerson/Maps/ThirdPersonMap/9/MD/YGFLJVV68HU0ECCE4Q0EP2
 |- Actor Path: /Game/ThirdPerson/Maps/ThirdPersonMap.ThirdPersonMap:PersistentLevel.BP_whiteSoldier_C_UAID_FC3497DF715F35F501_1765413211
 |- Actor Package: /Game/__ExternalActors__/ThirdPerson/Maps/ThirdPersonMap/3/CH/HHKY6QIGO92A46LBLEQQ0F
 |- Actor Path: /Game/ThirdPerson/Maps/ThirdPersonMap.ThirdPersonMap:PersistentLevel.BP_whiteSoldier_C_UAID_FC3497DF715F35F501_1768515212
 |- Actor Package: /Game/__ExternalActors__/ThirdPerson/Maps/ThirdPersonMap/8/7Q/EQAQC4HJRVARQFQ9LZJZGX
 |- Actor Path: /Game/ThirdPerson/Maps/ThirdPersonMap.ThirdPersonMap:PersistentLevel.BP_whiteSoldier_C_UAID_FC3497DF715F35F501_1779751213
 |- Actor Package: /Game/__ExternalActors__/ThirdPerson/Maps/ThirdPersonMap/E/QQ/I6XX5UBT9UU6AC41QKUFX5
 |- Actor Path: /Game/ThirdPerson/Maps/ThirdPersonMap.ThirdPersonMap:PersistentLevel.BP_whiteSoldier_C_UAID_FC3497DF715F35F501_1783676214
 |- Actor Package: /Game/__ExternalActors__/ThirdPerson/Maps/ThirdPersonMap/4/QZ/KMCMJC6N60PLHWHFSP4NLL
 |- Actor Path: /Game/ThirdPerson/Maps/ThirdPersonMap.ThirdPersonMap:PersistentLevel.Brush_0
 |- Actor Package: /Game/ThirdPerson/Maps/ThirdPersonMap
 |- Actor Path: /Game/ThirdPerson/Maps/ThirdPersonMap.ThirdPersonMap:PersistentLevel.DefaultPhysicsVolume_0
 |- Actor Package: /Game/ThirdPerson/Maps/ThirdPersonMap
 |- Actor Path: /Game/ThirdPerson/Maps/ThirdPersonMap.ThirdPersonMap:PersistentLevel.DirectionalLight_1
 |- Actor Package: /Game/__ExternalActors__/ThirdPerson/Maps/ThirdPersonMap/1/EJ/PGUWWHRTS59S34GKBX0OUI
 |- Actor Path: /Game/ThirdPerson/Maps/ThirdPersonMap.ThirdPersonMap:PersistentLevel.ExponentialHeightFog_1
 |- Actor Package: /Game/__ExternalActors__/ThirdPerson/Maps/ThirdPersonMap/B/KW/9YH18EUCJFK5CZXL6H3W3R
 |- Actor Path: /Game/ThirdPerson/Maps/ThirdPersonMap.ThirdPersonMap:PersistentLevel.GameplayDebuggerPlayerManager_0
 |- Actor Package: /Game/ThirdPerson/Maps/ThirdPersonMap
 |- Actor Path: /Game/ThirdPerson/Maps/ThirdPersonMap.ThirdPersonMap:PersistentLevel.PlayerStart_0
 |- Actor Package: /Game/__ExternalActors__/ThirdPerson/Maps/ThirdPersonMap/D/DE/SWSI13675DVYIZ0N4NF7Y3
 |- Actor Path: /Game/ThirdPerson/Maps/ThirdPersonMap.ThirdPersonMap:PersistentLevel.PostProcessVolume_0
 |- Actor Package: /Game/__ExternalActors__/ThirdPerson/Maps/ThirdPersonMap/1/AZ/A7GPT109Y6ZTTJD4A7TXER
 |- Actor Path: /Game/ThirdPerson/Maps/ThirdPersonMap.ThirdPersonMap:PersistentLevel.SkyAtmosphere_1
 |- Actor Package: /Game/__ExternalActors__/ThirdPerson/Maps/ThirdPersonMap/8/H9/GITN2HJQNERMM41FAE68W0
 |- Actor Path: /Game/ThirdPerson/Maps/ThirdPersonMap.ThirdPersonMap:PersistentLevel.SkyLight_0
 |- Actor Package: /Game/__ExternalActors__/ThirdPerson/Maps/ThirdPersonMap/6/NP/Z9EK2TXQ1TFO26WFZHWZII
 |- Actor Path: /Game/ThirdPerson/Maps/ThirdPersonMap.ThirdPersonMap:PersistentLevel.ThirdPersonExampleMap_C_0
 |- Actor Package: /Game/ThirdPerson/Maps/ThirdPersonMap
 |- Actor Path: /Game/ThirdPerson/Maps/ThirdPersonMap.ThirdPersonMap:PersistentLevel.VolumetricCloud_1
 |- Actor Package: /Game/__ExternalActors__/ThirdPerson/Maps/ThirdPersonMap/2/66/0OP5U85W4H0R7CHG999ZDN
 |- Actor Path: /Game/ThirdPerson/Maps/ThirdPersonMap.ThirdPersonMap:PersistentLevel.WorldDataLayers
 |- Actor Package: /Game/__ExternalActors__/ThirdPerson/Maps/ThirdPersonMap/0/43/HYQWORMY4JDQ5X3OKZXFLC
 |- Actor Path: /Game/ThirdPerson/Maps/ThirdPersonMap.ThirdPersonMap:PersistentLevel.WorldInfo_0
 |- Actor Package: /Game/ThirdPerson/Maps/ThirdPersonMap
 |- Actor Path: /Game/ThirdPerson/Maps/ThirdPersonMap.ThirdPersonMap:PersistentLevel.WorldPartitionMiniMap_0
 |- Actor Package: /Game/__ExternalActors__/ThirdPerson/Maps/ThirdPersonMap/E/FR/LBG6LPN5JCL3FMVSI2CK6R

----------------------------------------------------------------------------------------------------------------
ThirdPersonMap - Runtime Spatial Hash - Streaming Grid - MainGrid
----------------------------------------------------------------------------------------------------------------
            Origin: X=0.000 Y=0.000 Z=0.000
         Cell Size: 12800
      World Bounds: IsValid=false, Min=(X=0.000 Y=0.000 Z=0.000), Max=(X=0.000 Y=0.000 Z=0.000)
     Loading Range: 25600.00
Block Slow Loading: No
 ClientOnlyVisible: No
            Origin: X=0.000 Y=0.000 Z=0.000

[+] Grid Levels: 1
 |- Level  0: Cell Count    0 | Cell Size   12800 | Actor Count    0 (0.0%)

[+] Content of Grid Level 0

